{"/home/travis/build/npmtest/node-npmtest-snapchat/test.js":{"path":"/home/travis/build/npmtest/node-npmtest-snapchat/test.js","s":{"1":2,"2":2,"3":2,"4":2,"5":2,"6":2,"7":2,"8":1,"9":2,"10":2,"11":1,"12":1,"13":1,"14":1,"15":2,"16":2,"17":2,"18":2,"19":1,"20":1,"21":2,"22":2,"23":2,"24":1,"25":1,"26":1,"27":1,"28":1,"29":1,"30":1,"31":1,"32":1,"33":1,"34":1,"35":1,"36":1,"37":1,"38":1,"39":2,"40":2,"41":1,"42":2,"43":2,"44":1,"45":2,"46":2,"47":1,"48":2,"49":2,"50":1,"51":1,"52":1,"53":1,"54":1},"b":{"1":[2,1,1,1],"2":[1,1,1,1],"3":[1,1],"4":[1,1],"5":[1,1],"6":[1,1],"7":[1,1],"8":[1,1],"9":[1,1],"10":[1,1,1],"11":[1,1],"12":[1,1],"13":[1,1],"14":[1,1],"15":[1,1],"16":[1,1],"17":[1,1]},"f":{"1":2,"2":2,"3":2,"4":2,"5":2,"6":1,"7":1,"8":1,"9":2,"10":2,"11":2,"12":2,"13":1},"fnMap":{"1":{"name":"(anonymous_1)","line":12,"loc":{"start":{"line":12,"column":1},"end":{"line":12,"column":13}}},"2":{"name":"(anonymous_2)","line":19,"loc":{"start":{"line":19,"column":5},"end":{"line":19,"column":17}}},"3":{"name":"(anonymous_3)","line":23,"loc":{"start":{"line":23,"column":24},"end":{"line":23,"column":36}}},"4":{"name":"(anonymous_4)","line":61,"loc":{"start":{"line":61,"column":5},"end":{"line":61,"column":17}}},"5":{"name":"(anonymous_5)","line":82,"loc":{"start":{"line":82,"column":5},"end":{"line":82,"column":17}}},"6":{"name":"(anonymous_6)","line":91,"loc":{"start":{"line":91,"column":77},"end":{"line":94,"column":10}}},"7":{"name":"(anonymous_7)","line":112,"loc":{"start":{"line":112,"column":83},"end":{"line":115,"column":10}},"skip":true},"8":{"name":"(anonymous_8)","line":123,"loc":{"start":{"line":123,"column":77},"end":{"line":126,"column":10}},"skip":true},"9":{"name":"(anonymous_9)","line":139,"loc":{"start":{"line":139,"column":12},"end":{"line":139,"column":40}},"skip":true},"10":{"name":"(anonymous_10)","line":147,"loc":{"start":{"line":147,"column":77},"end":{"line":150,"column":10}},"skip":true},"11":{"name":"(anonymous_11)","line":158,"loc":{"start":{"line":158,"column":83},"end":{"line":161,"column":10}},"skip":true},"12":{"name":"(anonymous_12)","line":169,"loc":{"start":{"line":169,"column":79},"end":{"line":172,"column":10}},"skip":true},"13":{"name":"(anonymous_13)","line":180,"loc":{"start":{"line":180,"column":75},"end":{"line":183,"column":10}},"skip":true}},"statementMap":{"1":{"start":{"line":12,"column":0},"end":{"line":195,"column":5}},"2":{"start":{"line":14,"column":4},"end":{"line":14,"column":14}},"3":{"start":{"line":19,"column":4},"end":{"line":56,"column":9}},"4":{"start":{"line":21,"column":8},"end":{"line":21,"column":19}},"5":{"start":{"line":23,"column":8},"end":{"line":35,"column":13}},"6":{"start":{"line":24,"column":12},"end":{"line":34,"column":13}},"7":{"start":{"line":25,"column":16},"end":{"line":28,"column":30}},"8":{"start":{"line":30,"column":16},"end":{"line":33,"column":27}},"9":{"start":{"line":37,"column":8},"end":{"line":39,"column":21}},"10":{"start":{"line":40,"column":8},"end":{"line":53,"column":9}},"11":{"start":{"line":43,"column":12},"end":{"line":46,"column":14}},"12":{"start":{"line":47,"column":12},"end":{"line":47,"column":18}},"13":{"start":{"line":50,"column":12},"end":{"line":51,"column":46}},"14":{"start":{"line":52,"column":12},"end":{"line":52,"column":18}},"15":{"start":{"line":55,"column":8},"end":{"line":55,"column":35}},"16":{"start":{"line":61,"column":4},"end":{"line":63,"column":9}},"17":{"start":{"line":62,"column":8},"end":{"line":62,"column":15}},"18":{"start":{"line":64,"column":4},"end":{"line":77,"column":5}},"19":{"start":{"line":70,"column":8},"end":{"line":70,"column":14}},"20":{"start":{"line":76,"column":8},"end":{"line":76,"column":14}},"21":{"start":{"line":82,"column":4},"end":{"line":84,"column":9}},"22":{"start":{"line":83,"column":8},"end":{"line":83,"column":15}},"23":{"start":{"line":85,"column":4},"end":{"line":194,"column":5}},"24":{"start":{"line":91,"column":8},"end":{"line":99,"column":10}},"25":{"start":{"line":98,"column":12},"end":{"line":98,"column":35}},"26":{"start":{"line":102,"column":8},"end":{"line":104,"column":63}},"27":{"start":{"line":105,"column":8},"end":{"line":105,"column":14}},"28":{"start":{"line":112,"column":8},"end":{"line":121,"column":10},"skip":true},"29":{"start":{"line":119,"column":12},"end":{"line":119,"column":55},"skip":true},"30":{"start":{"line":120,"column":12},"end":{"line":120,"column":48},"skip":true},"31":{"start":{"line":123,"column":8},"end":{"line":136,"column":10},"skip":true},"32":{"start":{"line":130,"column":12},"end":{"line":130,"column":76},"skip":true},"33":{"start":{"line":131,"column":12},"end":{"line":131,"column":73},"skip":true},"34":{"start":{"line":132,"column":12},"end":{"line":132,"column":74},"skip":true},"35":{"start":{"line":133,"column":12},"end":{"line":133,"column":79},"skip":true},"36":{"start":{"line":134,"column":12},"end":{"line":134,"column":25},"skip":true},"37":{"start":{"line":135,"column":12},"end":{"line":135,"column":45},"skip":true},"38":{"start":{"line":138,"column":8},"end":{"line":145,"column":14},"skip":true},"39":{"start":{"line":143,"column":16},"end":{"line":143,"column":29},"skip":true},"40":{"start":{"line":144,"column":16},"end":{"line":144,"column":55},"skip":true},"41":{"start":{"line":147,"column":8},"end":{"line":156,"column":10},"skip":true},"42":{"start":{"line":154,"column":12},"end":{"line":154,"column":25},"skip":true},"43":{"start":{"line":155,"column":12},"end":{"line":155,"column":45},"skip":true},"44":{"start":{"line":158,"column":8},"end":{"line":167,"column":10},"skip":true},"45":{"start":{"line":165,"column":12},"end":{"line":165,"column":25},"skip":true},"46":{"start":{"line":166,"column":12},"end":{"line":166,"column":48},"skip":true},"47":{"start":{"line":169,"column":8},"end":{"line":178,"column":10},"skip":true},"48":{"start":{"line":176,"column":12},"end":{"line":176,"column":25},"skip":true},"49":{"start":{"line":177,"column":12},"end":{"line":177,"column":46},"skip":true},"50":{"start":{"line":180,"column":8},"end":{"line":189,"column":10},"skip":true},"51":{"start":{"line":187,"column":12},"end":{"line":187,"column":94},"skip":true},"52":{"start":{"line":188,"column":12},"end":{"line":188,"column":48},"skip":true},"53":{"start":{"line":192,"column":8},"end":{"line":192,"column":35},"skip":true},"54":{"start":{"line":193,"column":8},"end":{"line":193,"column":14},"skip":true}},"branchMap":{"1":{"line":25,"type":"binary-expr","locations":[{"start":{"line":25,"column":23},"end":{"line":25,"column":62}},{"start":{"line":26,"column":20},"end":{"line":26,"column":70}},{"start":{"line":27,"column":20},"end":{"line":27,"column":71}},{"start":{"line":28,"column":20},"end":{"line":28,"column":29}}]},"2":{"line":30,"type":"binary-expr","locations":[{"start":{"line":30,"column":23},"end":{"line":30,"column":37}},{"start":{"line":31,"column":20},"end":{"line":31,"column":61}},{"start":{"line":32,"column":20},"end":{"line":32,"column":70}},{"start":{"line":33,"column":20},"end":{"line":33,"column":26}}]},"3":{"line":37,"type":"cond-expr","locations":[{"start":{"line":38,"column":14},"end":{"line":38,"column":20}},{"start":{"line":39,"column":14},"end":{"line":39,"column":20}}]},"4":{"line":40,"type":"switch","locations":[{"start":{"line":42,"column":8},"end":{"line":47,"column":18}},{"start":{"line":49,"column":8},"end":{"line":52,"column":18}}]},"5":{"line":44,"type":"binary-expr","locations":[{"start":{"line":44,"column":16},"end":{"line":44,"column":44}},{"start":{"line":44,"column":48},"end":{"line":44,"column":66}}]},"6":{"line":50,"type":"binary-expr","locations":[{"start":{"line":50,"column":21},"end":{"line":50,"column":49}},{"start":{"line":50,"column":53},"end":{"line":50,"column":72}}]},"7":{"line":64,"type":"switch","locations":[{"start":{"line":69,"column":4},"end":{"line":70,"column":14}},{"start":{"line":75,"column":4},"end":{"line":76,"column":14}}]},"8":{"line":85,"type":"switch","locations":[{"start":{"line":90,"column":4},"end":{"line":105,"column":14}},{"start":{"line":111,"column":4},"end":{"line":193,"column":14},"skip":true}]},"9":{"line":91,"type":"binary-expr","locations":[{"start":{"line":91,"column":42},"end":{"line":91,"column":73}},{"start":{"line":91,"column":77},"end":{"line":99,"column":9}}]},"10":{"line":102,"type":"binary-expr","locations":[{"start":{"line":102,"column":18},"end":{"line":102,"column":32}},{"start":{"line":103,"column":12},"end":{"line":103,"column":53}},{"start":{"line":104,"column":12},"end":{"line":104,"column":61}}]},"11":{"line":112,"type":"binary-expr","locations":[{"start":{"line":112,"column":45},"end":{"line":112,"column":79},"skip":true},{"start":{"line":112,"column":83},"end":{"line":121,"column":9},"skip":true}]},"12":{"line":123,"type":"binary-expr","locations":[{"start":{"line":123,"column":42},"end":{"line":123,"column":73},"skip":true},{"start":{"line":123,"column":77},"end":{"line":136,"column":9},"skip":true}]},"13":{"line":138,"type":"binary-expr","locations":[{"start":{"line":138,"column":48},"end":{"line":138,"column":85},"skip":true},{"start":{"line":139,"column":12},"end":{"line":145,"column":13},"skip":true}]},"14":{"line":147,"type":"binary-expr","locations":[{"start":{"line":147,"column":42},"end":{"line":147,"column":73},"skip":true},{"start":{"line":147,"column":77},"end":{"line":156,"column":9},"skip":true}]},"15":{"line":158,"type":"binary-expr","locations":[{"start":{"line":158,"column":45},"end":{"line":158,"column":79},"skip":true},{"start":{"line":158,"column":83},"end":{"line":167,"column":9},"skip":true}]},"16":{"line":169,"type":"binary-expr","locations":[{"start":{"line":169,"column":43},"end":{"line":169,"column":75},"skip":true},{"start":{"line":169,"column":79},"end":{"line":178,"column":9},"skip":true}]},"17":{"line":180,"type":"binary-expr","locations":[{"start":{"line":180,"column":41},"end":{"line":180,"column":71},"skip":true},{"start":{"line":180,"column":75},"end":{"line":189,"column":9},"skip":true}]}},"code":["/* istanbul instrument in package npmtest_snapchat */","/*jslint","    bitwise: true,","    browser: true,","    maxerr: 8,","    maxlen: 96,","    node: true,","    nomen: true,","    regexp: true,","    stupid: true","*/","(function () {","    'use strict';","    var local;","","","","    // run shared js-env code - pre-init","    (function () {","        // init local","        local = {};","        // init modeJs","        local.modeJs = (function () {","            try {","                return typeof navigator.userAgent === 'string' &&","                    typeof document.querySelector('body') === 'object' &&","                    typeof XMLHttpRequest.prototype.open === 'function' &&","                    'browser';","            } catch (errorCaughtBrowser) {","                return module.exports &&","                    typeof process.versions.node === 'string' &&","                    typeof require('http').createServer === 'function' &&","                    'node';","            }","        }());","        // init global","        local.global = local.modeJs === 'browser'","            ? window","            : global;","        switch (local.modeJs) {","        // re-init local from window.local","        case 'browser':","            local = local.global.utility2.objectSetDefault(","                local.global.utility2_rollup || local.global.local,","                local.global.utility2","            );","            break;","        // re-init local from example.js","        case 'node':","            local = (local.global.utility2_rollup || require('utility2'))","                .requireExampleJsFromReadme();","            break;","        }","        // export local","        local.global.local = local;","    }());","","","","    // run shared js-env code - function","    (function () {","        return;","    }());","    switch (local.modeJs) {","","","","    // run browser js-env code - function","    case 'browser':","        break;","","","","    // run node js-env code - function","    case 'node':","        break;","    }","","","","    // run shared js-env code - post-init","    (function () {","        return;","    }());","    switch (local.modeJs) {","","","","    // run browser js-env code - post-init","    case 'browser':","        local.testCase_browser_nullCase = local.testCase_browser_nullCase || function (","            options,","            onError","        ) {","        /*","         * this function will test browsers's null-case handling-behavior-behavior","         */","            onError(null, options);","        };","","        // run tests","        local.nop(local.modeTest &&","            document.querySelector('#testRunButton1') &&","            document.querySelector('#testRunButton1').click());","        break;","","","","    // run node js-env code - post-init","    /* istanbul ignore next */","    case 'node':","        local.testCase_buildApidoc_default = local.testCase_buildApidoc_default || function (","            options,","            onError","        ) {","        /*","         * this function will test buildApidoc's default handling-behavior-behavior","         */","            options = { modulePathList: module.paths };","            local.buildApidoc(options, onError);","        };","","        local.testCase_buildApp_default = local.testCase_buildApp_default || function (","            options,","            onError","        ) {","        /*","         * this function will test buildApp's default handling-behavior-behavior","         */","            local.testCase_buildReadme_default(options, local.onErrorThrow);","            local.testCase_buildLib_default(options, local.onErrorThrow);","            local.testCase_buildTest_default(options, local.onErrorThrow);","            local.testCase_buildCustomOrg_default(options, local.onErrorThrow);","            options = [];","            local.buildApp(options, onError);","        };","","        local.testCase_buildCustomOrg_default = local.testCase_buildCustomOrg_default ||","            function (options, onError) {","            /*","             * this function will test buildCustomOrg's default handling-behavior","             */","                options = {};","                local.buildCustomOrg(options, onError);","            };","","        local.testCase_buildLib_default = local.testCase_buildLib_default || function (","            options,","            onError","        ) {","        /*","         * this function will test buildLib's default handling-behavior","         */","            options = {};","            local.buildLib(options, onError);","        };","","        local.testCase_buildReadme_default = local.testCase_buildReadme_default || function (","            options,","            onError","        ) {","        /*","         * this function will test buildReadme's default handling-behavior-behavior","         */","            options = {};","            local.buildReadme(options, onError);","        };","","        local.testCase_buildTest_default = local.testCase_buildTest_default || function (","            options,","            onError","        ) {","        /*","         * this function will test buildTest's default handling-behavior","         */","            options = {};","            local.buildTest(options, onError);","        };","","        local.testCase_webpage_default = local.testCase_webpage_default || function (","            options,","            onError","        ) {","        /*","         * this function will test webpage's default handling-behavior","         */","            options = { modeCoverageMerge: true, url: local.serverLocalHost + '?modeTest=1' };","            local.browserTest(options, onError);","        };","","        // run test-server","        local.testRunServer(local);","        break;","    }","}());",""],"l":{"12":2,"14":2,"19":2,"21":2,"23":2,"24":2,"25":2,"30":1,"37":2,"40":2,"43":1,"47":1,"50":1,"52":1,"55":2,"61":2,"62":2,"64":2,"70":1,"76":1,"82":2,"83":2,"85":2,"91":1,"98":1,"102":1,"105":1,"112":1,"119":1,"120":1,"123":1,"130":1,"131":1,"132":1,"133":1,"134":1,"135":1,"138":1,"143":2,"144":2,"147":1,"154":2,"155":2,"158":1,"165":2,"166":2,"169":1,"176":2,"177":2,"180":1,"187":1,"188":1,"192":1,"193":1}},"/home/travis/build/npmtest/node-npmtest-snapchat/lib.npmtest_snapchat.js":{"path":"/home/travis/build/npmtest/node-npmtest-snapchat/lib.npmtest_snapchat.js","s":{"1":2,"2":2,"3":2,"4":2,"5":2,"6":2,"7":2,"8":1,"9":2,"10":2,"11":2,"12":2,"13":1,"14":1,"15":1,"16":1},"b":{"1":[2,1,1,1],"2":[1,1,1,1],"3":[1,1],"4":[2,2],"5":[1,1]},"f":{"1":2,"2":2,"3":2},"fnMap":{"1":{"name":"(anonymous_1)","line":12,"loc":{"start":{"line":12,"column":1},"end":{"line":12,"column":13}}},"2":{"name":"(anonymous_2)","line":19,"loc":{"start":{"line":19,"column":5},"end":{"line":19,"column":17}}},"3":{"name":"(anonymous_3)","line":23,"loc":{"start":{"line":23,"column":24},"end":{"line":23,"column":36}}}},"statementMap":{"1":{"start":{"line":12,"column":0},"end":{"line":53,"column":5}},"2":{"start":{"line":14,"column":4},"end":{"line":14,"column":14}},"3":{"start":{"line":19,"column":4},"end":{"line":52,"column":9}},"4":{"start":{"line":21,"column":8},"end":{"line":21,"column":19}},"5":{"start":{"line":23,"column":8},"end":{"line":35,"column":13}},"6":{"start":{"line":24,"column":12},"end":{"line":34,"column":13}},"7":{"start":{"line":25,"column":16},"end":{"line":28,"column":30}},"8":{"start":{"line":30,"column":16},"end":{"line":33,"column":27}},"9":{"start":{"line":37,"column":8},"end":{"line":39,"column":21}},"10":{"start":{"line":41,"column":8},"end":{"line":41,"column":54}},"11":{"start":{"line":43,"column":8},"end":{"line":43,"column":53}},"12":{"start":{"line":45,"column":8},"end":{"line":51,"column":9}},"13":{"start":{"line":46,"column":12},"end":{"line":46,"column":59}},"14":{"start":{"line":48,"column":12},"end":{"line":48,"column":35}},"15":{"start":{"line":49,"column":12},"end":{"line":49,"column":49}},"16":{"start":{"line":50,"column":12},"end":{"line":50,"column":43}}},"branchMap":{"1":{"line":25,"type":"binary-expr","locations":[{"start":{"line":25,"column":23},"end":{"line":25,"column":62}},{"start":{"line":26,"column":20},"end":{"line":26,"column":70}},{"start":{"line":27,"column":20},"end":{"line":27,"column":71}},{"start":{"line":28,"column":20},"end":{"line":28,"column":29}}]},"2":{"line":30,"type":"binary-expr","locations":[{"start":{"line":30,"column":23},"end":{"line":30,"column":37}},{"start":{"line":31,"column":20},"end":{"line":31,"column":61}},{"start":{"line":32,"column":20},"end":{"line":32,"column":70}},{"start":{"line":33,"column":20},"end":{"line":33,"column":26}}]},"3":{"line":37,"type":"cond-expr","locations":[{"start":{"line":38,"column":14},"end":{"line":38,"column":20}},{"start":{"line":39,"column":14},"end":{"line":39,"column":20}}]},"4":{"line":41,"type":"binary-expr","locations":[{"start":{"line":41,"column":16},"end":{"line":41,"column":44}},{"start":{"line":41,"column":48},"end":{"line":41,"column":53}}]},"5":{"line":45,"type":"if","locations":[{"start":{"line":45,"column":8},"end":{"line":45,"column":8}},{"start":{"line":45,"column":8},"end":{"line":45,"column":8}}]}},"code":["/* istanbul instrument in package npmtest_snapchat */","/*jslint","    bitwise: true,","    browser: true,","    maxerr: 8,","    maxlen: 96,","    node: true,","    nomen: true,","    regexp: true,","    stupid: true","*/","(function () {","    'use strict';","    var local;","","","","    // run shared js-env code - pre-init","    (function () {","        // init local","        local = {};","        // init modeJs","        local.modeJs = (function () {","            try {","                return typeof navigator.userAgent === 'string' &&","                    typeof document.querySelector('body') === 'object' &&","                    typeof XMLHttpRequest.prototype.open === 'function' &&","                    'browser';","            } catch (errorCaughtBrowser) {","                return module.exports &&","                    typeof process.versions.node === 'string' &&","                    typeof require('http').createServer === 'function' &&","                    'node';","            }","        }());","        // init global","        local.global = local.modeJs === 'browser'","            ? window","            : global;","        // init utility2_rollup","        local = local.global.utility2_rollup || local;","        // init lib","        local.local = local.npmtest_snapchat = local;","        // init exports","        if (local.modeJs === 'browser') {","            local.global.utility2_npmtest_snapchat = local;","        } else {","            module.exports = local;","            module.exports.__dirname = __dirname;","            module.exports.module = module;","        }","    }());","}());",""],"l":{"12":2,"14":2,"19":2,"21":2,"23":2,"24":2,"25":2,"30":1,"37":2,"41":2,"43":2,"45":2,"46":1,"48":1,"49":1,"50":1}},"/home/travis/build/npmtest/node-npmtest-snapchat/example.js":{"path":"/home/travis/build/npmtest/node-npmtest-snapchat/example.js","s":{"1":2,"2":2,"3":2,"4":2,"5":2,"6":2,"7":2,"8":1,"9":2,"10":2,"11":2,"12":2,"13":1,"14":2,"15":2,"16":2,"17":2,"18":2,"19":0,"20":2,"21":1,"22":1,"23":1,"24":1,"25":1,"26":0,"27":0,"28":1,"29":1,"30":2,"31":0,"32":0,"33":0,"34":1,"35":2,"36":2,"37":3,"38":3,"39":3,"40":3,"41":0,"42":3,"43":3,"44":3,"45":1,"46":3,"47":1,"48":1,"49":1,"50":1,"51":1,"52":1,"53":1,"54":1,"55":1,"56":1,"57":0,"58":1,"59":6,"60":6,"61":1,"62":2,"63":0,"64":2,"65":1,"66":1,"67":0,"68":0,"69":0,"70":0,"71":0,"72":0,"73":0,"74":0,"75":0,"76":0,"77":0,"78":0,"79":0,"80":0,"81":0,"82":0,"83":0},"b":{"1":[2,1,1,1],"2":[1,1,1,1],"3":[1,1],"4":[2,2],"5":[1,1],"6":[1,1],"7":[2,0],"8":[2,1,1,1,1,1],"9":[0,2,0],"10":[1,1],"11":[2,1,1],"12":[1,0],"13":[0,2],"14":[2,0,0,0,0,0,0],"15":[0,3],"16":[3,0],"17":[1,1],"18":[0,1],"19":[1,2,0,2],"20":[1,0],"21":[1,1],"22":[0,0],"23":[0,0],"24":[0,0],"25":[0,0],"26":[0,0],"27":[0,0],"28":[0,0]},"f":{"1":2,"2":2,"3":2,"4":2,"5":2,"6":2,"7":3,"8":3,"9":3,"10":1,"11":6,"12":0},"fnMap":{"1":{"name":"(anonymous_1)","line":26,"loc":{"start":{"line":26,"column":1},"end":{"line":26,"column":13}}},"2":{"name":"(anonymous_2)","line":33,"loc":{"start":{"line":33,"column":5},"end":{"line":33,"column":17}}},"3":{"name":"(anonymous_3)","line":37,"loc":{"start":{"line":37,"column":24},"end":{"line":37,"column":36}}},"4":{"name":"(anonymous_4)","line":69,"loc":{"start":{"line":69,"column":31},"end":{"line":69,"column":48}},"skip":true},"5":{"name":"(anonymous_5)","line":78,"loc":{"start":{"line":78,"column":26},"end":{"line":78,"column":45}},"skip":true},"6":{"name":"(anonymous_6)","line":123,"loc":{"start":{"line":123,"column":33},"end":{"line":123,"column":48}},"skip":true},"7":{"name":"(anonymous_7)","line":125,"loc":{"start":{"line":125,"column":27},"end":{"line":125,"column":39}},"skip":true},"8":{"name":"(anonymous_8)","line":133,"loc":{"start":{"line":133,"column":59},"end":{"line":133,"column":74}},"skip":true},"9":{"name":"(anonymous_9)","line":143,"loc":{"start":{"line":143,"column":45},"end":{"line":143,"column":62}},"skip":true},"10":{"name":"(anonymous_10)","line":144,"loc":{"start":{"line":144,"column":73},"end":{"line":144,"column":92}},"skip":true},"11":{"name":"(anonymous_11)","line":272,"loc":{"start":{"line":272,"column":51},"end":{"line":272,"column":77}},"skip":true},"12":{"name":"(anonymous_12)","line":315,"loc":{"start":{"line":315,"column":32},"end":{"line":315,"column":61}},"skip":true}},"statementMap":{"1":{"start":{"line":26,"column":0},"end":{"line":326,"column":5}},"2":{"start":{"line":28,"column":4},"end":{"line":28,"column":14}},"3":{"start":{"line":33,"column":4},"end":{"line":60,"column":9}},"4":{"start":{"line":35,"column":8},"end":{"line":35,"column":19}},"5":{"start":{"line":37,"column":8},"end":{"line":49,"column":13}},"6":{"start":{"line":38,"column":12},"end":{"line":48,"column":13}},"7":{"start":{"line":39,"column":16},"end":{"line":42,"column":30}},"8":{"start":{"line":44,"column":16},"end":{"line":47,"column":27}},"9":{"start":{"line":51,"column":8},"end":{"line":53,"column":21}},"10":{"start":{"line":55,"column":8},"end":{"line":57,"column":45}},"11":{"start":{"line":59,"column":8},"end":{"line":59,"column":35}},"12":{"start":{"line":61,"column":4},"end":{"line":325,"column":5}},"13":{"start":{"line":69,"column":8},"end":{"line":121,"column":10},"skip":true},"14":{"start":{"line":70,"column":12},"end":{"line":88,"column":13},"skip":true},"15":{"start":{"line":76,"column":16},"end":{"line":87,"column":19},"skip":true},"16":{"start":{"line":79,"column":20},"end":{"line":86,"column":21},"skip":true},"17":{"start":{"line":82,"column":24},"end":{"line":82,"column":43},"skip":true},"18":{"start":{"line":83,"column":24},"end":{"line":83,"column":30},"skip":true},"19":{"start":{"line":85,"column":24},"end":{"line":85,"column":49},"skip":true},"20":{"start":{"line":89,"column":12},"end":{"line":107,"column":13},"skip":true},"21":{"start":{"line":92,"column":16},"end":{"line":102,"column":17},"skip":true},"22":{"start":{"line":93,"column":20},"end":{"line":93,"column":86},"skip":true},"23":{"start":{"line":94,"column":20},"end":{"line":95,"column":45},"skip":true},"24":{"start":{"line":96,"column":20},"end":{"line":96,"column":42},"skip":true},"25":{"start":{"line":97,"column":20},"end":{"line":97,"column":48},"skip":true},"26":{"start":{"line":100,"column":20},"end":{"line":100,"column":85},"skip":true},"27":{"start":{"line":101,"column":20},"end":{"line":101,"column":96},"skip":true},"28":{"start":{"line":103,"column":16},"end":{"line":103,"column":22},"skip":true},"29":{"start":{"line":106,"column":16},"end":{"line":106,"column":22},"skip":true},"30":{"start":{"line":108,"column":12},"end":{"line":120,"column":13},"skip":true},"31":{"start":{"line":114,"column":16},"end":{"line":119,"column":17},"skip":true},"32":{"start":{"line":116,"column":20},"end":{"line":116,"column":78},"skip":true},"33":{"start":{"line":118,"column":20},"end":{"line":118,"column":47},"skip":true},"34":{"start":{"line":123,"column":8},"end":{"line":141,"column":11},"skip":true},"35":{"start":{"line":124,"column":12},"end":{"line":124,"column":54},"skip":true},"36":{"start":{"line":125,"column":12},"end":{"line":140,"column":14},"skip":true},"37":{"start":{"line":126,"column":16},"end":{"line":126,"column":28},"skip":true},"38":{"start":{"line":127,"column":16},"end":{"line":127,"column":69},"skip":true},"39":{"start":{"line":128,"column":16},"end":{"line":128,"column":75},"skip":true},"40":{"start":{"line":129,"column":16},"end":{"line":131,"column":17},"skip":true},"41":{"start":{"line":130,"column":20},"end":{"line":130,"column":27},"skip":true},"42":{"start":{"line":133,"column":16},"end":{"line":137,"column":36},"skip":true},"43":{"start":{"line":134,"column":20},"end":{"line":136,"column":55},"skip":true},"44":{"start":{"line":139,"column":16},"end":{"line":139,"column":57},"skip":true},"45":{"start":{"line":143,"column":8},"end":{"line":147,"column":11},"skip":true},"46":{"start":{"line":144,"column":12},"end":{"line":146,"column":15},"skip":true},"47":{"start":{"line":145,"column":16},"end":{"line":145,"column":70},"skip":true},"48":{"start":{"line":149,"column":8},"end":{"line":149,"column":31},"skip":true},"49":{"start":{"line":150,"column":8},"end":{"line":150,"column":14},"skip":true},"50":{"start":{"line":158,"column":8},"end":{"line":158,"column":31},"skip":true},"51":{"start":{"line":160,"column":8},"end":{"line":160,"column":33},"skip":true},"52":{"start":{"line":161,"column":8},"end":{"line":161,"column":37},"skip":true},"53":{"start":{"line":162,"column":8},"end":{"line":162,"column":35},"skip":true},"54":{"start":{"line":164,"column":8},"end":{"line":164,"column":50},"skip":true},"55":{"start":{"line":166,"column":8},"end":{"line":256,"column":2},"skip":true},"56":{"start":{"line":258,"column":8},"end":{"line":286,"column":9},"skip":true},"57":{"start":{"line":259,"column":12},"end":{"line":269,"column":14},"skip":true},"58":{"start":{"line":271,"column":12},"end":{"line":285,"column":19},"skip":true},"59":{"start":{"line":274,"column":20},"end":{"line":274,"column":35},"skip":true},"60":{"start":{"line":275,"column":20},"end":{"line":284,"column":21},"skip":true},"61":{"start":{"line":277,"column":24},"end":{"line":277,"column":64},"skip":true},"62":{"start":{"line":279,"column":24},"end":{"line":279,"column":40},"skip":true},"63":{"start":{"line":281,"column":24},"end":{"line":281,"column":40},"skip":true},"64":{"start":{"line":283,"column":24},"end":{"line":283,"column":39},"skip":true},"65":{"start":{"line":288,"column":8},"end":{"line":290,"column":9},"skip":true},"66":{"start":{"line":289,"column":12},"end":{"line":289,"column":18},"skip":true},"67":{"start":{"line":291,"column":8},"end":{"line":293,"column":54},"skip":true},"68":{"start":{"line":296,"column":8},"end":{"line":301,"column":37},"skip":true},"69":{"start":{"line":303,"column":8},"end":{"line":303,"column":82},"skip":true},"70":{"start":{"line":306,"column":8},"end":{"line":308,"column":9},"skip":true},"71":{"start":{"line":307,"column":12},"end":{"line":307,"column":82},"skip":true},"72":{"start":{"line":310,"column":8},"end":{"line":312,"column":9},"skip":true},"73":{"start":{"line":311,"column":12},"end":{"line":311,"column":18},"skip":true},"74":{"start":{"line":313,"column":8},"end":{"line":313,"column":54},"skip":true},"75":{"start":{"line":314,"column":8},"end":{"line":314,"column":69},"skip":true},"76":{"start":{"line":315,"column":8},"end":{"line":323,"column":36},"skip":true},"77":{"start":{"line":316,"column":12},"end":{"line":316,"column":61},"skip":true},"78":{"start":{"line":317,"column":12},"end":{"line":320,"column":13},"skip":true},"79":{"start":{"line":318,"column":16},"end":{"line":318,"column":75},"skip":true},"80":{"start":{"line":319,"column":16},"end":{"line":319,"column":23},"skip":true},"81":{"start":{"line":321,"column":12},"end":{"line":321,"column":38},"skip":true},"82":{"start":{"line":322,"column":12},"end":{"line":322,"column":27},"skip":true},"83":{"start":{"line":324,"column":8},"end":{"line":324,"column":14},"skip":true}},"branchMap":{"1":{"line":39,"type":"binary-expr","locations":[{"start":{"line":39,"column":23},"end":{"line":39,"column":62}},{"start":{"line":40,"column":20},"end":{"line":40,"column":70}},{"start":{"line":41,"column":20},"end":{"line":41,"column":71}},{"start":{"line":42,"column":20},"end":{"line":42,"column":29}}]},"2":{"line":44,"type":"binary-expr","locations":[{"start":{"line":44,"column":23},"end":{"line":44,"column":37}},{"start":{"line":45,"column":20},"end":{"line":45,"column":61}},{"start":{"line":46,"column":20},"end":{"line":46,"column":70}},{"start":{"line":47,"column":20},"end":{"line":47,"column":26}}]},"3":{"line":51,"type":"cond-expr","locations":[{"start":{"line":52,"column":14},"end":{"line":52,"column":20}},{"start":{"line":53,"column":14},"end":{"line":53,"column":20}}]},"4":{"line":55,"type":"binary-expr","locations":[{"start":{"line":55,"column":16},"end":{"line":55,"column":44}},{"start":{"line":55,"column":49},"end":{"line":57,"column":43}}]},"5":{"line":55,"type":"cond-expr","locations":[{"start":{"line":56,"column":14},"end":{"line":56,"column":52}},{"start":{"line":57,"column":14},"end":{"line":57,"column":43}}]},"6":{"line":61,"type":"switch","locations":[{"start":{"line":68,"column":4},"end":{"line":150,"column":14},"skip":true},{"start":{"line":156,"column":4},"end":{"line":324,"column":14},"skip":true}]},"7":{"line":70,"type":"if","locations":[{"start":{"line":70,"column":12},"end":{"line":70,"column":12},"skip":true},{"start":{"line":70,"column":12},"end":{"line":70,"column":12},"skip":true}]},"8":{"line":70,"type":"binary-expr","locations":[{"start":{"line":70,"column":16},"end":{"line":70,"column":22},"skip":true},{"start":{"line":70,"column":27},"end":{"line":70,"column":32},"skip":true},{"start":{"line":71,"column":20},"end":{"line":71,"column":39},"skip":true},{"start":{"line":72,"column":20},"end":{"line":72,"column":49},"skip":true},{"start":{"line":73,"column":20},"end":{"line":73,"column":58},"skip":true},{"start":{"line":74,"column":20},"end":{"line":74,"column":69},"skip":true}]},"9":{"line":79,"type":"switch","locations":[{"start":{"line":80,"column":20},"end":{"line":80,"column":33},"skip":true},{"start":{"line":81,"column":20},"end":{"line":83,"column":30},"skip":true},{"start":{"line":84,"column":20},"end":{"line":85,"column":49},"skip":true}]},"10":{"line":89,"type":"switch","locations":[{"start":{"line":90,"column":12},"end":{"line":103,"column":22},"skip":true},{"start":{"line":105,"column":12},"end":{"line":106,"column":22},"skip":true}]},"11":{"line":89,"type":"binary-expr","locations":[{"start":{"line":89,"column":20},"end":{"line":89,"column":25},"skip":true},{"start":{"line":89,"column":29},"end":{"line":89,"column":48},"skip":true},{"start":{"line":89,"column":52},"end":{"line":89,"column":74},"skip":true}]},"12":{"line":92,"type":"if","locations":[{"start":{"line":92,"column":16},"end":{"line":92,"column":16},"skip":true},{"start":{"line":92,"column":16},"end":{"line":92,"column":16},"skip":true}]},"13":{"line":108,"type":"if","locations":[{"start":{"line":108,"column":12},"end":{"line":108,"column":12},"skip":true},{"start":{"line":108,"column":12},"end":{"line":108,"column":12},"skip":true}]},"14":{"line":108,"type":"binary-expr","locations":[{"start":{"line":108,"column":16},"end":{"line":108,"column":61},"skip":true},{"start":{"line":108,"column":66},"end":{"line":108,"column":72},"skip":true},{"start":{"line":108,"column":77},"end":{"line":108,"column":82},"skip":true},{"start":{"line":109,"column":20},"end":{"line":109,"column":39},"skip":true},{"start":{"line":110,"column":20},"end":{"line":110,"column":49},"skip":true},{"start":{"line":111,"column":20},"end":{"line":111,"column":58},"skip":true},{"start":{"line":112,"column":20},"end":{"line":112,"column":68},"skip":true}]},"15":{"line":129,"type":"if","locations":[{"start":{"line":129,"column":16},"end":{"line":129,"column":16},"skip":true},{"start":{"line":129,"column":16},"end":{"line":129,"column":16},"skip":true}]},"16":{"line":134,"type":"cond-expr","locations":[{"start":{"line":135,"column":26},"end":{"line":135,"column":29},"skip":true},{"start":{"line":136,"column":26},"end":{"line":136,"column":54},"skip":true}]},"17":{"line":164,"type":"binary-expr","locations":[{"start":{"line":164,"column":27},"end":{"line":164,"column":43},"skip":true},{"start":{"line":164,"column":47},"end":{"line":164,"column":49},"skip":true}]},"18":{"line":258,"type":"if","locations":[{"start":{"line":258,"column":8},"end":{"line":258,"column":8},"skip":true},{"start":{"line":258,"column":8},"end":{"line":258,"column":8},"skip":true}]},"19":{"line":275,"type":"switch","locations":[{"start":{"line":276,"column":20},"end":{"line":277,"column":64},"skip":true},{"start":{"line":278,"column":20},"end":{"line":279,"column":40},"skip":true},{"start":{"line":280,"column":20},"end":{"line":281,"column":40},"skip":true},{"start":{"line":282,"column":20},"end":{"line":283,"column":39},"skip":true}]},"20":{"line":288,"type":"if","locations":[{"start":{"line":288,"column":8},"end":{"line":288,"column":8},"skip":true},{"start":{"line":288,"column":8},"end":{"line":288,"column":8},"skip":true}]},"21":{"line":288,"type":"binary-expr","locations":[{"start":{"line":288,"column":12},"end":{"line":288,"column":40},"skip":true},{"start":{"line":288,"column":44},"end":{"line":288,"column":67},"skip":true}]},"22":{"line":292,"type":"binary-expr","locations":[{"start":{"line":292,"column":12},"end":{"line":292,"column":50},"skip":true},{"start":{"line":293,"column":12},"end":{"line":293,"column":53},"skip":true}]},"23":{"line":297,"type":"binary-expr","locations":[{"start":{"line":297,"column":12},"end":{"line":297,"column":66},"skip":true},{"start":{"line":298,"column":12},"end":{"line":301,"column":36},"skip":true}]},"24":{"line":303,"type":"binary-expr","locations":[{"start":{"line":303,"column":43},"end":{"line":303,"column":75},"skip":true},{"start":{"line":303,"column":79},"end":{"line":303,"column":81},"skip":true}]},"25":{"line":306,"type":"if","locations":[{"start":{"line":306,"column":8},"end":{"line":306,"column":8},"skip":true},{"start":{"line":306,"column":8},"end":{"line":306,"column":8},"skip":true}]},"26":{"line":310,"type":"if","locations":[{"start":{"line":310,"column":8},"end":{"line":310,"column":8},"skip":true},{"start":{"line":310,"column":8},"end":{"line":310,"column":8},"skip":true}]},"27":{"line":313,"type":"binary-expr","locations":[{"start":{"line":313,"column":27},"end":{"line":313,"column":43},"skip":true},{"start":{"line":313,"column":47},"end":{"line":313,"column":53},"skip":true}]},"28":{"line":317,"type":"if","locations":[{"start":{"line":317,"column":12},"end":{"line":317,"column":12},"skip":true},{"start":{"line":317,"column":12},"end":{"line":317,"column":12},"skip":true}]}},"code":["/*","example.js","","quickstart example","","instruction","    1. save this script as example.js","    2. run the shell command:","        $ npm install npmtest-snapchat && PORT=8081 node example.js","    3. play with the browser-demo on http://127.0.0.1:8081","*/","","","","/* istanbul instrument in package npmtest_snapchat */","/*jslint","    bitwise: true,","    browser: true,","    maxerr: 8,","    maxlen: 96,","    node: true,","    nomen: true,","    regexp: true,","    stupid: true","*/","(function () {","    'use strict';","    var local;","","","","    // run shared js-env code - pre-init","    (function () {","        // init local","        local = {};","        // init modeJs","        local.modeJs = (function () {","            try {","                return typeof navigator.userAgent === 'string' &&","                    typeof document.querySelector('body') === 'object' &&","                    typeof XMLHttpRequest.prototype.open === 'function' &&","                    'browser';","            } catch (errorCaughtBrowser) {","                return module.exports &&","                    typeof process.versions.node === 'string' &&","                    typeof require('http').createServer === 'function' &&","                    'node';","            }","        }());","        // init global","        local.global = local.modeJs === 'browser'","            ? window","            : global;","        // init utility2_rollup","        local = local.global.utility2_rollup || (local.modeJs === 'browser'","            ? local.global.utility2_npmtest_snapchat","            : global.utility2_moduleExports);","        // export local","        local.global.local = local;","    }());","    switch (local.modeJs) {","","","","    // post-init","    // run browser js-env code - post-init","    /* istanbul ignore next */","    case 'browser':","        local.testRunBrowser = function (event) {","            if (!event || (event &&","                    event.currentTarget &&","                    event.currentTarget.className &&","                    event.currentTarget.className.includes &&","                    event.currentTarget.className.includes('onreset'))) {","                // reset output","                Array.from(","                    document.querySelectorAll('body > .resettable')","                ).forEach(function (element) {","                    switch (element.tagName) {","                    case 'INPUT':","                    case 'TEXTAREA':","                        element.value = '';","                        break;","                    default:","                        element.textContent = '';","                    }","                });","            }","            switch (event && event.currentTarget && event.currentTarget.id) {","            case 'testRunButton1':","                // show tests","                if (document.querySelector('#testReportDiv1').style.display === 'none') {","                    document.querySelector('#testReportDiv1').style.display = 'block';","                    document.querySelector('#testRunButton1').textContent =","                        'hide internal test';","                    local.modeTest = true;","                    local.testRunDefault(local);","                // hide tests","                } else {","                    document.querySelector('#testReportDiv1').style.display = 'none';","                    document.querySelector('#testRunButton1').textContent = 'run internal test';","                }","                break;","            // custom-case","            default:","                break;","            }","            if (document.querySelector('#inputTextareaEval1') && (!event || (event &&","                    event.currentTarget &&","                    event.currentTarget.className &&","                    event.currentTarget.className.includes &&","                    event.currentTarget.className.includes('oneval')))) {","                // try to eval input-code","                try {","                    /*jslint evil: true*/","                    eval(document.querySelector('#inputTextareaEval1').value);","                } catch (errorCaught) {","                    console.error(errorCaught);","                }","            }","        };","        // log stderr and stdout to #outputTextareaStdout1","        ['error', 'log'].forEach(function (key) {","            console[key + '_original'] = console[key];","            console[key] = function () {","                var element;","                console[key + '_original'].apply(console, arguments);","                element = document.querySelector('#outputTextareaStdout1');","                if (!element) {","                    return;","                }","                // append text to #outputTextareaStdout1","                element.value += Array.from(arguments).map(function (arg) {","                    return typeof arg === 'string'","                        ? arg","                        : JSON.stringify(arg, null, 4);","                }).join(' ') + '\\n';","                // scroll textarea to bottom","                element.scrollTop = element.scrollHeight;","            };","        });","        // init event-handling","        ['change', 'click', 'keyup'].forEach(function (event) {","            Array.from(document.querySelectorAll('.on' + event)).forEach(function (element) {","                element.addEventListener(event, local.testRunBrowser);","            });","        });","        // run tests","        local.testRunBrowser();","        break;","","","","    // run node js-env code - post-init","    /* istanbul ignore next */","    case 'node':","        // export local","        module.exports = local;","        // require modules","        local.fs = require('fs');","        local.http = require('http');","        local.url = require('url');","        // init assets","        local.assetsDict = local.assetsDict || {};","        /* jslint-ignore-begin */","        local.assetsDict['/assets.index.template.html'] = '\\","<!doctype html>\\n\\","<html lang=\"en\">\\n\\","<head>\\n\\","<meta charset=\"UTF-8\">\\n\\","<meta name=\"viewport\" content=\"width=device-width, initial-scale=1\">\\n\\","<title>{{env.npm_package_name}} (v{{env.npm_package_version}})</title>\\n\\","<style>\\n\\","/*csslint\\n\\","    box-sizing: false,\\n\\","    universal-selector: false\\n\\","*/\\n\\","* {\\n\\","    box-sizing: border-box;\\n\\","}\\n\\","body {\\n\\","    background: #dde;\\n\\","    font-family: Arial, Helvetica, sans-serif;\\n\\","    margin: 2rem;\\n\\","}\\n\\","body > * {\\n\\","    margin-bottom: 1rem;\\n\\","}\\n\\",".utility2FooterDiv {\\n\\","    margin-top: 20px;\\n\\","    text-align: center;\\n\\","}\\n\\","</style>\\n\\","<style>\\n\\","/*csslint\\n\\","*/\\n\\","textarea {\\n\\","    font-family: monospace;\\n\\","    height: 10rem;\\n\\","    width: 100%;\\n\\","}\\n\\","textarea[readonly] {\\n\\","    background: #ddd;\\n\\","}\\n\\","</style>\\n\\","</head>\\n\\","<body>\\n\\","<!-- utility2-comment\\n\\","<div id=\"ajaxProgressDiv1\" style=\"background: #d00; height: 2px; left: 0; margin: 0; padding: 0; position: fixed; top: 0; transition: background 0.5s, width 1.5s; width: 25%;\"></div>\\n\\","utility2-comment -->\\n\\","<h1>\\n\\","<!-- utility2-comment\\n\\","    <a\\n\\","        {{#if env.npm_package_homepage}}\\n\\","        href=\"{{env.npm_package_homepage}}\"\\n\\","        {{/if env.npm_package_homepage}}\\n\\","        target=\"_blank\"\\n\\","    >\\n\\","utility2-comment -->\\n\\","        {{env.npm_package_name}} (v{{env.npm_package_version}})\\n\\","<!-- utility2-comment\\n\\","    </a>\\n\\","utility2-comment -->\\n\\","</h1>\\n\\","<h3>{{env.npm_package_description}}</h3>\\n\\","<!-- utility2-comment\\n\\","<h4><a download href=\"assets.app.js\">download standalone app</a></h4>\\n\\","<button class=\"onclick onreset\" id=\"testRunButton1\">run internal test</button><br>\\n\\","<div id=\"testReportDiv1\" style=\"display: none;\"></div>\\n\\","utility2-comment -->\\n\\","\\n\\","\\n\\","\\n\\","<label>stderr and stdout</label>\\n\\","<textarea class=\"resettable\" id=\"outputTextareaStdout1\" readonly></textarea>\\n\\","<!-- utility2-comment\\n\\","{{#if isRollup}}\\n\\","<script src=\"assets.app.js\"></script>\\n\\","{{#unless isRollup}}\\n\\","utility2-comment -->\\n\\","<script src=\"assets.utility2.rollup.js\"></script>\\n\\","<script src=\"jsonp.utility2._stateInit?callback=window.utility2._stateInit\"></script>\\n\\","<script src=\"assets.npmtest_snapchat.rollup.js\"></script>\\n\\","<script src=\"assets.example.js\"></script>\\n\\","<script src=\"assets.test.js\"></script>\\n\\","<!-- utility2-comment\\n\\","{{/if isRollup}}\\n\\","utility2-comment -->\\n\\","<div class=\"utility2FooterDiv\">\\n\\","    [ this app was created with\\n\\","    <a href=\"https://github.com/kaizhu256/node-utility2\" target=\"_blank\">utility2</a>\\n\\","    ]\\n\\","</div>\\n\\","</body>\\n\\","</html>\\n\\","';","        /* jslint-ignore-end */","        if (local.templateRender) {","            local.assetsDict['/'] = local.templateRender(","                local.assetsDict['/assets.index.template.html'],","                {","                    env: local.objectSetDefault(local.env, {","                        npm_package_description: 'the greatest app in the world!',","                        npm_package_name: 'my-app',","                        npm_package_nameAlias: 'my_app',","                        npm_package_version: '0.0.1'","                    })","                }","            );","        } else {","            local.assetsDict['/'] = local.assetsDict['/assets.index.template.html']","                .replace((/\\{\\{env\\.(\\w+?)\\}\\}/g), function (match0, match1) {","                    // jslint-hack","                    String(match0);","                    switch (match1) {","                    case 'npm_package_description':","                        return 'the greatest app in the world!';","                    case 'npm_package_name':","                        return 'my-app';","                    case 'npm_package_nameAlias':","                        return 'my_app';","                    case 'npm_package_version':","                        return '0.0.1';","                    }","                });","        }","        // run the cli","        if (local.global.utility2_rollup || module !== require.main) {","            break;","        }","        local.assetsDict['/assets.example.js'] =","            local.assetsDict['/assets.example.js'] ||","            local.fs.readFileSync(__filename, 'utf8');","        // bug-workaround - long $npm_package_buildCustomOrg","        /* jslint-ignore-begin */","        local.assetsDict['/assets.npmtest_snapchat.rollup.js'] =","            local.assetsDict['/assets.npmtest_snapchat.rollup.js'] ||","            local.fs.readFileSync(","                local.npmtest_snapchat.__dirname + '/lib.npmtest_snapchat.js',","                'utf8'","            ).replace((/^#!/), '//');","        /* jslint-ignore-end */","        local.assetsDict['/favicon.ico'] = local.assetsDict['/favicon.ico'] || '';","        // if $npm_config_timeout_exit exists,","        // then exit this process after $npm_config_timeout_exit ms","        if (Number(process.env.npm_config_timeout_exit)) {","            setTimeout(process.exit, Number(process.env.npm_config_timeout_exit));","        }","        // start server","        if (local.global.utility2_serverHttp1) {","            break;","        }","        process.env.PORT = process.env.PORT || '8081';","        console.error('server starting on port ' + process.env.PORT);","        local.http.createServer(function (request, response) {","            request.urlParsed = local.url.parse(request.url);","            if (local.assetsDict[request.urlParsed.pathname] !== undefined) {","                response.end(local.assetsDict[request.urlParsed.pathname]);","                return;","            }","            response.statusCode = 404;","            response.end();","        }).listen(process.env.PORT);","        break;","    }","}());",""],"l":{"26":2,"28":2,"33":2,"35":2,"37":2,"38":2,"39":2,"44":1,"51":2,"55":2,"59":2,"61":2,"69":1,"70":2,"76":2,"79":2,"82":2,"83":2,"85":1,"89":2,"92":1,"93":1,"94":1,"96":1,"97":1,"100":1,"101":1,"103":1,"106":1,"108":2,"114":1,"116":1,"118":1,"123":1,"124":2,"125":2,"126":3,"127":3,"128":3,"129":3,"130":1,"133":3,"134":3,"139":3,"143":1,"144":3,"145":1,"149":1,"150":1,"158":1,"160":1,"161":1,"162":1,"164":1,"166":1,"258":1,"259":1,"271":1,"274":6,"275":6,"277":1,"279":2,"281":1,"283":2,"288":1,"289":1,"291":1,"296":1,"303":1,"306":1,"307":1,"310":1,"311":1,"313":1,"314":1,"315":1,"316":1,"317":1,"318":1,"319":1,"321":1,"322":1,"324":1}},"/home/travis/build/npmtest/node-npmtest-snapchat/node_modules/snapchat/index.js":{"path":"/home/travis/build/npmtest/node-npmtest-snapchat/node_modules/snapchat/index.js","s":{"1":12,"2":12,"3":12,"4":12,"5":12,"6":12,"7":12,"8":0,"9":0,"10":0,"11":0,"12":0,"13":0,"14":0,"15":0,"16":1,"17":0,"18":0,"19":0,"20":0,"21":0,"22":0,"23":0,"24":0,"25":0,"26":0,"27":0,"28":0,"29":0,"30":0,"31":0,"32":0,"33":0,"34":0,"35":0,"36":0,"37":0,"38":0,"39":0,"40":0,"41":0,"42":0,"43":0,"44":0,"45":0,"46":0,"47":0,"48":0,"49":0,"50":0,"51":0,"52":0,"53":0,"54":0,"55":0,"56":0,"57":0,"58":0,"59":0,"60":0,"61":0,"62":0,"63":0,"64":0,"65":0,"66":0,"67":0,"68":0,"69":0,"70":0,"71":0,"72":0,"73":0,"74":0,"75":0,"76":0,"77":0,"78":0,"79":0,"80":0,"81":0,"82":0,"83":0,"84":0,"85":0,"86":0,"87":0,"88":0,"89":0,"90":0,"91":0,"92":0,"93":0,"94":0,"95":0,"96":0,"97":0,"98":0,"99":0,"100":0,"101":0,"102":0,"103":0,"104":0,"105":0,"106":0,"107":0,"108":0,"109":0,"110":0,"111":0,"112":0,"113":0,"114":0,"115":0,"116":0,"117":0,"118":0,"119":0,"120":0,"121":0,"122":0,"123":0,"124":0,"125":0,"126":0,"127":0,"128":0,"129":0,"130":0,"131":0,"132":0,"133":0,"134":0,"135":0,"136":0,"137":0,"138":0,"139":0,"140":0,"141":0,"142":0,"143":0,"144":0,"145":0,"146":0,"147":0,"148":0,"149":0,"150":0,"151":0,"152":0,"153":0,"154":0,"155":0,"156":0,"157":0,"158":0,"159":0,"160":0,"161":0,"162":0,"163":0,"164":0,"165":0,"166":0,"167":0,"168":0,"169":0,"170":0,"171":0,"172":0,"173":0,"174":0,"175":0,"176":0,"177":0,"178":0,"179":0,"180":0,"181":0,"182":0,"183":0,"184":0,"185":0,"186":0,"187":0,"188":0,"189":0,"190":0,"191":0,"192":0,"193":0,"194":0,"195":0,"196":0,"197":0,"198":0,"199":0,"200":0,"201":0,"202":0,"203":0,"204":0,"205":0,"206":0,"207":0,"208":0,"209":0,"210":0,"211":0,"212":0,"213":0,"214":0,"215":0,"216":0,"217":0,"218":0,"219":0,"220":0,"221":0,"222":0,"223":0,"224":0,"225":0,"226":0,"227":0,"228":0,"229":0,"230":0,"231":0,"232":0,"233":0,"234":0,"235":0,"236":0,"237":0,"238":0,"239":0,"240":0,"241":0,"242":0,"243":0,"244":0,"245":0,"246":0,"247":0,"248":0,"249":0,"250":0,"251":0,"252":0,"253":0,"254":0,"255":0,"256":0,"257":0,"258":0,"259":0,"260":0,"261":0,"262":0,"263":0,"264":0,"265":0,"266":0,"267":0,"268":0,"269":0,"270":0,"271":0,"272":0,"273":0,"274":0,"275":0,"276":0,"277":0,"278":0,"279":0,"280":0,"281":0,"282":0,"283":0,"284":0,"285":0,"286":0,"287":0,"288":0,"289":0,"290":0,"291":0,"292":0,"293":0,"294":0,"295":0,"296":0,"297":0,"298":0,"299":0,"300":0,"301":0,"302":0,"303":0,"304":0,"305":0,"306":0,"307":0,"308":0,"309":0,"310":1,"311":0,"312":0,"313":0,"314":0,"315":0,"316":0,"317":0,"318":0,"319":0,"320":0,"321":0,"322":0,"323":0,"324":0,"325":0,"326":0,"327":0,"328":0,"329":0,"330":0,"331":0,"332":0,"333":0,"334":0,"335":0,"336":0,"337":0,"338":0,"339":0,"340":0,"341":0,"342":0,"343":0,"344":0,"345":0,"346":0,"347":0,"348":0,"349":0,"350":0},"b":{"1":[0,0],"2":[0,0],"3":[0,0],"4":[0,0,0],"5":[0,0],"6":[0,0],"7":[0,0,0,0],"8":[0,0],"9":[0,0],"10":[0,0],"11":[0,0],"12":[0,0],"13":[0,0],"14":[0,0],"15":[0,0],"16":[0,0],"17":[0,0],"18":[0,0],"19":[0,0],"20":[0,0],"21":[0,0],"22":[0,0],"23":[0,0],"24":[0,0],"25":[0,0],"26":[0,0],"27":[0,0],"28":[0,0],"29":[0,0],"30":[0,0],"31":[0,0],"32":[0,0],"33":[0,0],"34":[0,0],"35":[0,0],"36":[0,0],"37":[0,0],"38":[0,0],"39":[0,0],"40":[0,0],"41":[0,0],"42":[0,0],"43":[0,0],"44":[0,0],"45":[0,0],"46":[0,0],"47":[0,0],"48":[0,0],"49":[0,0],"50":[0,0],"51":[0,0],"52":[0,0],"53":[0,0],"54":[0,0,0],"55":[0,0],"56":[0,0],"57":[0,0,0]},"f":{"1":0,"2":0,"3":0,"4":0,"5":0,"6":0,"7":0,"8":0,"9":0,"10":0,"11":0,"12":0,"13":0,"14":0,"15":0,"16":0,"17":0,"18":0,"19":0,"20":0,"21":0,"22":0,"23":0,"24":0,"25":0,"26":0,"27":0,"28":0,"29":0,"30":0,"31":0,"32":0,"33":0,"34":0,"35":0,"36":0,"37":0,"38":0,"39":0,"40":0,"41":0,"42":0,"43":0,"44":0,"45":0,"46":0,"47":0,"48":0,"49":0,"50":0,"51":0,"52":0,"53":0,"54":0,"55":0,"56":0,"57":0,"58":0,"59":0,"60":0,"61":0,"62":0,"63":0,"64":0,"65":0,"66":0,"67":0,"68":0,"69":0,"70":0,"71":0,"72":0,"73":0,"74":0,"75":0},"fnMap":{"1":{"name":"Snapchat","line":31,"loc":{"start":{"line":31,"column":0},"end":{"line":31,"column":25}}},"2":{"name":"(anonymous_2)","line":54,"loc":{"start":{"line":54,"column":7},"end":{"line":54,"column":19}}},"3":{"name":"(anonymous_3)","line":65,"loc":{"start":{"line":65,"column":7},"end":{"line":65,"column":19}}},"4":{"name":"(anonymous_4)","line":76,"loc":{"start":{"line":76,"column":7},"end":{"line":76,"column":19}}},"5":{"name":"(anonymous_5)","line":87,"loc":{"start":{"line":87,"column":7},"end":{"line":87,"column":19}}},"6":{"name":"(anonymous_6)","line":98,"loc":{"start":{"line":98,"column":7},"end":{"line":98,"column":19}}},"7":{"name":"(anonymous_7)","line":109,"loc":{"start":{"line":109,"column":7},"end":{"line":109,"column":19}}},"8":{"name":"(anonymous_8)","line":120,"loc":{"start":{"line":120,"column":7},"end":{"line":120,"column":19}}},"9":{"name":"(anonymous_9)","line":134,"loc":{"start":{"line":134,"column":7},"end":{"line":134,"column":19}}},"10":{"name":"(anonymous_10)","line":139,"loc":{"start":{"line":139,"column":7},"end":{"line":139,"column":26}}},"11":{"name":"(anonymous_11)","line":160,"loc":{"start":{"line":160,"column":7},"end":{"line":160,"column":19}}},"12":{"name":"(anonymous_12)","line":173,"loc":{"start":{"line":173,"column":7},"end":{"line":173,"column":19}}},"13":{"name":"(anonymous_13)","line":186,"loc":{"start":{"line":186,"column":7},"end":{"line":186,"column":19}}},"14":{"name":"(anonymous_14)","line":199,"loc":{"start":{"line":199,"column":7},"end":{"line":199,"column":19}}},"15":{"name":"(anonymous_15)","line":212,"loc":{"start":{"line":212,"column":7},"end":{"line":212,"column":19}}},"16":{"name":"(anonymous_16)","line":225,"loc":{"start":{"line":225,"column":7},"end":{"line":225,"column":19}}},"17":{"name":"(anonymous_17)","line":238,"loc":{"start":{"line":238,"column":7},"end":{"line":238,"column":19}}},"18":{"name":"(anonymous_18)","line":251,"loc":{"start":{"line":251,"column":7},"end":{"line":251,"column":19}}},"19":{"name":"(anonymous_19)","line":276,"loc":{"start":{"line":276,"column":28},"end":{"line":276,"column":89}}},"20":{"name":"(anonymous_20)","line":287,"loc":{"start":{"line":287,"column":21},"end":{"line":287,"column":48}}},"21":{"name":"(anonymous_21)","line":294,"loc":{"start":{"line":294,"column":56},"end":{"line":294,"column":88}}},"22":{"name":"(anonymous_22)","line":302,"loc":{"start":{"line":302,"column":58},"end":{"line":302,"column":86}}},"23":{"name":"(anonymous_23)","line":308,"loc":{"start":{"line":308,"column":48},"end":{"line":308,"column":71}}},"24":{"name":"(anonymous_24)","line":314,"loc":{"start":{"line":314,"column":32},"end":{"line":314,"column":61}}},"25":{"name":"(anonymous_25)","line":325,"loc":{"start":{"line":325,"column":70},"end":{"line":325,"column":102}}},"26":{"name":"(anonymous_26)","line":347,"loc":{"start":{"line":347,"column":37},"end":{"line":347,"column":127}}},"27":{"name":"(anonymous_27)","line":358,"loc":{"start":{"line":358,"column":36},"end":{"line":358,"column":76}}},"28":{"name":"(anonymous_28)","line":361,"loc":{"start":{"line":361,"column":21},"end":{"line":361,"column":48}}},"29":{"name":"(anonymous_29)","line":404,"loc":{"start":{"line":404,"column":87},"end":{"line":404,"column":110}}},"30":{"name":"(anonymous_30)","line":428,"loc":{"start":{"line":428,"column":36},"end":{"line":428,"column":88}}},"31":{"name":"(anonymous_31)","line":444,"loc":{"start":{"line":444,"column":29},"end":{"line":444,"column":43}}},"32":{"name":"(anonymous_32)","line":447,"loc":{"start":{"line":447,"column":21},"end":{"line":447,"column":48}}},"33":{"name":"(anonymous_33)","line":456,"loc":{"start":{"line":456,"column":7},"end":{"line":456,"column":30}}},"34":{"name":"(anonymous_34)","line":480,"loc":{"start":{"line":480,"column":35},"end":{"line":480,"column":49}}},"35":{"name":"(anonymous_35)","line":483,"loc":{"start":{"line":483,"column":21},"end":{"line":483,"column":48}}},"36":{"name":"(anonymous_36)","line":497,"loc":{"start":{"line":497,"column":7},"end":{"line":497,"column":30}}},"37":{"name":"(anonymous_37)","line":525,"loc":{"start":{"line":525,"column":35},"end":{"line":525,"column":76}}},"38":{"name":"(anonymous_38)","line":528,"loc":{"start":{"line":528,"column":21},"end":{"line":528,"column":48}}},"39":{"name":"(anonymous_39)","line":535,"loc":{"start":{"line":535,"column":7},"end":{"line":535,"column":30}}},"40":{"name":"(anonymous_40)","line":558,"loc":{"start":{"line":558,"column":38},"end":{"line":558,"column":106}}},"41":{"name":"(anonymous_41)","line":561,"loc":{"start":{"line":561,"column":21},"end":{"line":561,"column":48}}},"42":{"name":"(anonymous_42)","line":564,"loc":{"start":{"line":564,"column":56},"end":{"line":564,"column":88}}},"43":{"name":"(anonymous_43)","line":573,"loc":{"start":{"line":573,"column":9},"end":{"line":573,"column":32}}},"44":{"name":"(anonymous_44)","line":597,"loc":{"start":{"line":597,"column":43},"end":{"line":597,"column":70}}},"45":{"name":"(anonymous_45)","line":600,"loc":{"start":{"line":600,"column":21},"end":{"line":600,"column":48}}},"46":{"name":"(anonymous_46)","line":617,"loc":{"start":{"line":617,"column":7},"end":{"line":617,"column":30}}},"47":{"name":"(anonymous_47)","line":637,"loc":{"start":{"line":637,"column":39},"end":{"line":637,"column":59}}},"48":{"name":"(anonymous_48)","line":640,"loc":{"start":{"line":640,"column":21},"end":{"line":640,"column":48}}},"49":{"name":"(anonymous_49)","line":651,"loc":{"start":{"line":651,"column":58},"end":{"line":651,"column":81}}},"50":{"name":"(anonymous_50)","line":669,"loc":{"start":{"line":669,"column":32},"end":{"line":669,"column":46}}},"51":{"name":"(anonymous_51)","line":672,"loc":{"start":{"line":672,"column":21},"end":{"line":672,"column":48}}},"52":{"name":"(anonymous_52)","line":681,"loc":{"start":{"line":681,"column":7},"end":{"line":681,"column":28}}},"53":{"name":"(anonymous_53)","line":687,"loc":{"start":{"line":687,"column":36},"end":{"line":687,"column":57}}},"54":{"name":"(anonymous_54)","line":708,"loc":{"start":{"line":708,"column":34},"end":{"line":708,"column":58}}},"55":{"name":"(anonymous_55)","line":711,"loc":{"start":{"line":711,"column":21},"end":{"line":711,"column":48}}},"56":{"name":"(anonymous_56)","line":729,"loc":{"start":{"line":729,"column":26},"end":{"line":729,"column":58}}},"57":{"name":"(anonymous_57)","line":732,"loc":{"start":{"line":732,"column":21},"end":{"line":732,"column":48}}},"58":{"name":"(anonymous_58)","line":735,"loc":{"start":{"line":735,"column":75},"end":{"line":735,"column":98}}},"59":{"name":"(anonymous_59)","line":750,"loc":{"start":{"line":750,"column":25},"end":{"line":750,"column":49}}},"60":{"name":"(anonymous_60)","line":751,"loc":{"start":{"line":751,"column":21},"end":{"line":751,"column":48}}},"61":{"name":"(anonymous_61)","line":754,"loc":{"start":{"line":754,"column":26},"end":{"line":754,"column":49}}},"62":{"name":"(anonymous_62)","line":767,"loc":{"start":{"line":767,"column":32},"end":{"line":767,"column":64}}},"63":{"name":"(anonymous_63)","line":770,"loc":{"start":{"line":770,"column":21},"end":{"line":770,"column":48}}},"64":{"name":"(anonymous_64)","line":784,"loc":{"start":{"line":784,"column":7},"end":{"line":784,"column":30}}},"65":{"name":"(anonymous_65)","line":799,"loc":{"start":{"line":799,"column":41},"end":{"line":799,"column":82}}},"66":{"name":"(anonymous_66)","line":828,"loc":{"start":{"line":828,"column":5},"end":{"line":828,"column":36}}},"67":{"name":"(anonymous_67)","line":851,"loc":{"start":{"line":851,"column":38},"end":{"line":851,"column":52}}},"68":{"name":"completion","line":856,"loc":{"start":{"line":856,"column":2},"end":{"line":856,"column":25}}},"69":{"name":"(anonymous_69)","line":867,"loc":{"start":{"line":867,"column":73},"end":{"line":867,"column":96}}},"70":{"name":"(anonymous_70)","line":893,"loc":{"start":{"line":893,"column":56},"end":{"line":893,"column":70}}},"71":{"name":"(anonymous_71)","line":896,"loc":{"start":{"line":896,"column":19},"end":{"line":896,"column":31}}},"72":{"name":"(anonymous_72)","line":951,"loc":{"start":{"line":951,"column":37},"end":{"line":951,"column":75}}},"73":{"name":"(anonymous_73)","line":965,"loc":{"start":{"line":965,"column":5},"end":{"line":965,"column":38}}},"74":{"name":"(anonymous_74)","line":984,"loc":{"start":{"line":984,"column":41},"end":{"line":984,"column":79}}},"75":{"name":"(anonymous_75)","line":992,"loc":{"start":{"line":992,"column":5},"end":{"line":992,"column":38}}}},"statementMap":{"1":{"start":{"line":1,"column":0},"end":{"line":1,"column":25}},"2":{"start":{"line":4,"column":0},"end":{"line":4,"column":40}},"3":{"start":{"line":5,"column":0},"end":{"line":5,"column":28}},"4":{"start":{"line":6,"column":0},"end":{"line":6,"column":26}},"5":{"start":{"line":7,"column":0},"end":{"line":7,"column":33}},"6":{"start":{"line":10,"column":0},"end":{"line":10,"column":42}},"7":{"start":{"line":11,"column":0},"end":{"line":11,"column":38}},"8":{"start":{"line":12,"column":0},"end":{"line":12,"column":47}},"9":{"start":{"line":15,"column":0},"end":{"line":15,"column":41}},"10":{"start":{"line":16,"column":0},"end":{"line":16,"column":35}},"11":{"start":{"line":17,"column":0},"end":{"line":17,"column":39}},"12":{"start":{"line":18,"column":0},"end":{"line":18,"column":41}},"13":{"start":{"line":19,"column":0},"end":{"line":19,"column":37}},"14":{"start":{"line":20,"column":0},"end":{"line":20,"column":41}},"15":{"start":{"line":23,"column":0},"end":{"line":23,"column":41}},"16":{"start":{"line":31,"column":0},"end":{"line":44,"column":1}},"17":{"start":{"line":32,"column":2},"end":{"line":32,"column":17}},"18":{"start":{"line":33,"column":2},"end":{"line":33,"column":60}},"19":{"start":{"line":33,"column":35},"end":{"line":33,"column":60}},"20":{"start":{"line":34,"column":2},"end":{"line":34,"column":22}},"21":{"start":{"line":34,"column":13},"end":{"line":34,"column":22}},"22":{"start":{"line":36,"column":2},"end":{"line":36,"column":30}},"23":{"start":{"line":38,"column":2},"end":{"line":38,"column":41}},"24":{"start":{"line":39,"column":2},"end":{"line":39,"column":35}},"25":{"start":{"line":40,"column":2},"end":{"line":40,"column":39}},"26":{"start":{"line":41,"column":2},"end":{"line":41,"column":41}},"27":{"start":{"line":42,"column":2},"end":{"line":42,"column":37}},"28":{"start":{"line":43,"column":2},"end":{"line":43,"column":41}},"29":{"start":{"line":53,"column":0},"end":{"line":55,"column":2}},"30":{"start":{"line":54,"column":21},"end":{"line":54,"column":42}},"31":{"start":{"line":64,"column":0},"end":{"line":66,"column":2}},"32":{"start":{"line":65,"column":21},"end":{"line":65,"column":39}},"33":{"start":{"line":75,"column":0},"end":{"line":77,"column":2}},"34":{"start":{"line":76,"column":21},"end":{"line":76,"column":41}},"35":{"start":{"line":86,"column":0},"end":{"line":88,"column":2}},"36":{"start":{"line":87,"column":21},"end":{"line":87,"column":42}},"37":{"start":{"line":97,"column":0},"end":{"line":99,"column":2}},"38":{"start":{"line":98,"column":21},"end":{"line":98,"column":40}},"39":{"start":{"line":108,"column":0},"end":{"line":110,"column":2}},"40":{"start":{"line":109,"column":21},"end":{"line":109,"column":42}},"41":{"start":{"line":119,"column":0},"end":{"line":124,"column":2}},"42":{"start":{"line":121,"column":4},"end":{"line":121,"column":19}},"43":{"start":{"line":122,"column":4},"end":{"line":122,"column":25}},"44":{"start":{"line":133,"column":0},"end":{"line":151,"column":2}},"45":{"start":{"line":135,"column":4},"end":{"line":135,"column":19}},"46":{"start":{"line":136,"column":4},"end":{"line":136,"column":24}},"47":{"start":{"line":140,"column":4},"end":{"line":140,"column":19}},"48":{"start":{"line":141,"column":4},"end":{"line":141,"column":27}},"49":{"start":{"line":143,"column":4},"end":{"line":149,"column":5}},"50":{"start":{"line":144,"column":6},"end":{"line":144,"column":39}},"51":{"start":{"line":145,"column":6},"end":{"line":145,"column":41}},"52":{"start":{"line":147,"column":6},"end":{"line":147,"column":27}},"53":{"start":{"line":148,"column":6},"end":{"line":148,"column":28}},"54":{"start":{"line":159,"column":0},"end":{"line":164,"column":2}},"55":{"start":{"line":161,"column":4},"end":{"line":161,"column":19}},"56":{"start":{"line":162,"column":4},"end":{"line":162,"column":27}},"57":{"start":{"line":172,"column":0},"end":{"line":177,"column":2}},"58":{"start":{"line":174,"column":4},"end":{"line":174,"column":19}},"59":{"start":{"line":175,"column":4},"end":{"line":175,"column":29}},"60":{"start":{"line":185,"column":0},"end":{"line":190,"column":2}},"61":{"start":{"line":187,"column":4},"end":{"line":187,"column":19}},"62":{"start":{"line":188,"column":4},"end":{"line":188,"column":69}},"63":{"start":{"line":198,"column":0},"end":{"line":203,"column":2}},"64":{"start":{"line":200,"column":4},"end":{"line":200,"column":19}},"65":{"start":{"line":201,"column":4},"end":{"line":201,"column":26}},"66":{"start":{"line":211,"column":0},"end":{"line":216,"column":2}},"67":{"start":{"line":213,"column":4},"end":{"line":213,"column":19}},"68":{"start":{"line":214,"column":4},"end":{"line":214,"column":32}},"69":{"start":{"line":224,"column":0},"end":{"line":229,"column":2}},"70":{"start":{"line":226,"column":4},"end":{"line":226,"column":19}},"71":{"start":{"line":227,"column":4},"end":{"line":227,"column":30}},"72":{"start":{"line":237,"column":0},"end":{"line":242,"column":2}},"73":{"start":{"line":239,"column":4},"end":{"line":239,"column":19}},"74":{"start":{"line":240,"column":4},"end":{"line":240,"column":30}},"75":{"start":{"line":250,"column":0},"end":{"line":255,"column":2}},"76":{"start":{"line":252,"column":4},"end":{"line":252,"column":19}},"77":{"start":{"line":253,"column":4},"end":{"line":253,"column":34}},"78":{"start":{"line":276,"column":0},"end":{"line":345,"column":1}},"79":{"start":{"line":277,"column":2},"end":{"line":277,"column":17}},"80":{"start":{"line":279,"column":2},"end":{"line":285,"column":3}},"81":{"start":{"line":280,"column":4},"end":{"line":280,"column":17}},"82":{"start":{"line":281,"column":4},"end":{"line":281,"column":44}},"83":{"start":{"line":282,"column":4},"end":{"line":282,"column":44}},"84":{"start":{"line":283,"column":4},"end":{"line":283,"column":49}},"85":{"start":{"line":284,"column":4},"end":{"line":284,"column":55}},"86":{"start":{"line":287,"column":2},"end":{"line":344,"column":16}},"87":{"start":{"line":288,"column":4},"end":{"line":290,"column":5}},"88":{"start":{"line":289,"column":6},"end":{"line":289,"column":68}},"89":{"start":{"line":292,"column":4},"end":{"line":292,"column":52}},"90":{"start":{"line":294,"column":4},"end":{"line":343,"column":6}},"91":{"start":{"line":295,"column":6},"end":{"line":298,"column":7}},"92":{"start":{"line":296,"column":8},"end":{"line":296,"column":48}},"93":{"start":{"line":297,"column":8},"end":{"line":297,"column":26}},"94":{"start":{"line":300,"column":6},"end":{"line":300,"column":45}},"95":{"start":{"line":302,"column":6},"end":{"line":342,"column":8}},"96":{"start":{"line":303,"column":8},"end":{"line":306,"column":9}},"97":{"start":{"line":304,"column":10},"end":{"line":304,"column":44}},"98":{"start":{"line":305,"column":10},"end":{"line":305,"column":28}},"99":{"start":{"line":308,"column":8},"end":{"line":341,"column":10}},"100":{"start":{"line":309,"column":10},"end":{"line":312,"column":11}},"101":{"start":{"line":310,"column":12},"end":{"line":310,"column":68}},"102":{"start":{"line":311,"column":12},"end":{"line":311,"column":30}},"103":{"start":{"line":314,"column":10},"end":{"line":340,"column":12}},"104":{"start":{"line":315,"column":12},"end":{"line":318,"column":13}},"105":{"start":{"line":316,"column":14},"end":{"line":316,"column":49}},"106":{"start":{"line":317,"column":14},"end":{"line":317,"column":32}},"107":{"start":{"line":324,"column":12},"end":{"line":339,"column":13}},"108":{"start":{"line":325,"column":14},"end":{"line":334,"column":16}},"109":{"start":{"line":326,"column":16},"end":{"line":333,"column":17}},"110":{"start":{"line":327,"column":18},"end":{"line":327,"column":61}},"111":{"start":{"line":328,"column":18},"end":{"line":328,"column":36}},"112":{"start":{"line":330,"column":18},"end":{"line":332,"column":32}},"113":{"start":{"line":336,"column":14},"end":{"line":338,"column":28}},"114":{"start":{"line":347,"column":0},"end":{"line":356,"column":1}},"115":{"start":{"line":348,"column":2},"end":{"line":355,"column":3}},"116":{"start":{"line":358,"column":0},"end":{"line":418,"column":1}},"117":{"start":{"line":359,"column":2},"end":{"line":359,"column":17}},"118":{"start":{"line":361,"column":2},"end":{"line":417,"column":16}},"119":{"start":{"line":362,"column":4},"end":{"line":362,"column":46}},"120":{"start":{"line":363,"column":4},"end":{"line":363,"column":38}},"121":{"start":{"line":364,"column":4},"end":{"line":364,"column":31}},"122":{"start":{"line":365,"column":4},"end":{"line":365,"column":46}},"123":{"start":{"line":366,"column":4},"end":{"line":366,"column":40}},"124":{"start":{"line":367,"column":4},"end":{"line":367,"column":34}},"125":{"start":{"line":369,"column":4},"end":{"line":369,"column":43}},"126":{"start":{"line":370,"column":4},"end":{"line":370,"column":41}},"127":{"start":{"line":371,"column":4},"end":{"line":371,"column":68}},"128":{"start":{"line":372,"column":4},"end":{"line":372,"column":68}},"129":{"start":{"line":374,"column":4},"end":{"line":374,"column":82}},"130":{"start":{"line":375,"column":4},"end":{"line":375,"column":89}},"131":{"start":{"line":376,"column":4},"end":{"line":376,"column":93}},"132":{"start":{"line":378,"column":4},"end":{"line":394,"column":5}},"133":{"start":{"line":396,"column":4},"end":{"line":396,"column":21}},"134":{"start":{"line":397,"column":4},"end":{"line":397,"column":82}},"135":{"start":{"line":398,"column":4},"end":{"line":398,"column":59}},"136":{"start":{"line":400,"column":4},"end":{"line":402,"column":5}},"137":{"start":{"line":404,"column":4},"end":{"line":416,"column":6}},"138":{"start":{"line":405,"column":6},"end":{"line":411,"column":7}},"139":{"start":{"line":406,"column":8},"end":{"line":406,"column":46}},"140":{"start":{"line":407,"column":8},"end":{"line":407,"column":26}},"141":{"start":{"line":408,"column":13},"end":{"line":411,"column":7}},"142":{"start":{"line":409,"column":8},"end":{"line":409,"column":48}},"143":{"start":{"line":410,"column":8},"end":{"line":410,"column":36}},"144":{"start":{"line":413,"column":6},"end":{"line":413,"column":52}},"145":{"start":{"line":414,"column":6},"end":{"line":414,"column":23}},"146":{"start":{"line":415,"column":6},"end":{"line":415,"column":24}},"147":{"start":{"line":428,"column":0},"end":{"line":437,"column":1}},"148":{"start":{"line":429,"column":2},"end":{"line":429,"column":17}},"149":{"start":{"line":430,"column":2},"end":{"line":430,"column":58}},"150":{"start":{"line":432,"column":2},"end":{"line":432,"column":27}},"151":{"start":{"line":433,"column":2},"end":{"line":433,"column":29}},"152":{"start":{"line":434,"column":2},"end":{"line":434,"column":41}},"153":{"start":{"line":436,"column":2},"end":{"line":436,"column":31}},"154":{"start":{"line":444,"column":0},"end":{"line":473,"column":1}},"155":{"start":{"line":445,"column":2},"end":{"line":445,"column":17}},"156":{"start":{"line":447,"column":2},"end":{"line":472,"column":16}},"157":{"start":{"line":448,"column":4},"end":{"line":448,"column":49}},"158":{"start":{"line":450,"column":4},"end":{"line":452,"column":5}},"159":{"start":{"line":451,"column":6},"end":{"line":451,"column":49}},"160":{"start":{"line":454,"column":4},"end":{"line":471,"column":6}},"161":{"start":{"line":457,"column":6},"end":{"line":469,"column":7}},"162":{"start":{"line":458,"column":8},"end":{"line":458,"column":47}},"163":{"start":{"line":459,"column":8},"end":{"line":459,"column":26}},"164":{"start":{"line":460,"column":13},"end":{"line":469,"column":7}},"165":{"start":{"line":461,"column":8},"end":{"line":461,"column":28}},"166":{"start":{"line":462,"column":8},"end":{"line":462,"column":29}},"167":{"start":{"line":463,"column":8},"end":{"line":463,"column":30}},"168":{"start":{"line":464,"column":8},"end":{"line":464,"column":36}},"169":{"start":{"line":465,"column":8},"end":{"line":465,"column":38}},"170":{"start":{"line":466,"column":8},"end":{"line":466,"column":34}},"171":{"start":{"line":467,"column":8},"end":{"line":467,"column":34}},"172":{"start":{"line":468,"column":8},"end":{"line":468,"column":24}},"173":{"start":{"line":470,"column":6},"end":{"line":470,"column":62}},"174":{"start":{"line":480,"column":0},"end":{"line":509,"column":1}},"175":{"start":{"line":481,"column":2},"end":{"line":481,"column":17}},"176":{"start":{"line":483,"column":2},"end":{"line":508,"column":16}},"177":{"start":{"line":484,"column":4},"end":{"line":484,"column":35}},"178":{"start":{"line":486,"column":4},"end":{"line":488,"column":5}},"179":{"start":{"line":487,"column":6},"end":{"line":487,"column":49}},"180":{"start":{"line":490,"column":4},"end":{"line":507,"column":6}},"181":{"start":{"line":498,"column":6},"end":{"line":504,"column":7}},"182":{"start":{"line":499,"column":8},"end":{"line":499,"column":44}},"183":{"start":{"line":500,"column":8},"end":{"line":500,"column":26}},"184":{"start":{"line":501,"column":13},"end":{"line":504,"column":7}},"185":{"start":{"line":502,"column":8},"end":{"line":502,"column":48}},"186":{"start":{"line":503,"column":8},"end":{"line":503,"column":36}},"187":{"start":{"line":506,"column":6},"end":{"line":506,"column":53}},"188":{"start":{"line":525,"column":0},"end":{"line":545,"column":1}},"189":{"start":{"line":526,"column":2},"end":{"line":526,"column":17}},"190":{"start":{"line":528,"column":2},"end":{"line":544,"column":16}},"191":{"start":{"line":529,"column":4},"end":{"line":529,"column":53}},"192":{"start":{"line":531,"column":4},"end":{"line":543,"column":6}},"193":{"start":{"line":536,"column":6},"end":{"line":541,"column":7}},"194":{"start":{"line":537,"column":8},"end":{"line":537,"column":44}},"195":{"start":{"line":538,"column":8},"end":{"line":538,"column":26}},"196":{"start":{"line":539,"column":13},"end":{"line":541,"column":7}},"197":{"start":{"line":540,"column":8},"end":{"line":540,"column":30}},"198":{"start":{"line":542,"column":6},"end":{"line":542,"column":59}},"199":{"start":{"line":558,"column":0},"end":{"line":586,"column":1}},"200":{"start":{"line":559,"column":2},"end":{"line":559,"column":17}},"201":{"start":{"line":561,"column":2},"end":{"line":585,"column":16}},"202":{"start":{"line":562,"column":4},"end":{"line":562,"column":89}},"203":{"start":{"line":564,"column":4},"end":{"line":584,"column":6}},"204":{"start":{"line":565,"column":6},"end":{"line":568,"column":7}},"205":{"start":{"line":566,"column":8},"end":{"line":566,"column":53}},"206":{"start":{"line":567,"column":8},"end":{"line":567,"column":26}},"207":{"start":{"line":570,"column":6},"end":{"line":583,"column":8}},"208":{"start":{"line":574,"column":8},"end":{"line":581,"column":9}},"209":{"start":{"line":575,"column":10},"end":{"line":575,"column":49}},"210":{"start":{"line":576,"column":10},"end":{"line":576,"column":28}},"211":{"start":{"line":577,"column":15},"end":{"line":581,"column":9}},"212":{"start":{"line":578,"column":10},"end":{"line":578,"column":50}},"213":{"start":{"line":579,"column":10},"end":{"line":579,"column":49}},"214":{"start":{"line":580,"column":10},"end":{"line":580,"column":26}},"215":{"start":{"line":582,"column":8},"end":{"line":582,"column":64}},"216":{"start":{"line":597,"column":0},"end":{"line":627,"column":1}},"217":{"start":{"line":598,"column":2},"end":{"line":598,"column":17}},"218":{"start":{"line":600,"column":2},"end":{"line":626,"column":16}},"219":{"start":{"line":601,"column":4},"end":{"line":601,"column":76}},"220":{"start":{"line":603,"column":4},"end":{"line":605,"column":5}},"221":{"start":{"line":604,"column":6},"end":{"line":604,"column":49}},"222":{"start":{"line":607,"column":4},"end":{"line":607,"column":26}},"223":{"start":{"line":608,"column":4},"end":{"line":608,"column":32}},"224":{"start":{"line":609,"column":4},"end":{"line":609,"column":29}},"225":{"start":{"line":611,"column":4},"end":{"line":625,"column":6}},"226":{"start":{"line":618,"column":6},"end":{"line":621,"column":7}},"227":{"start":{"line":619,"column":8},"end":{"line":619,"column":52}},"228":{"start":{"line":620,"column":8},"end":{"line":620,"column":26}},"229":{"start":{"line":623,"column":6},"end":{"line":623,"column":54}},"230":{"start":{"line":624,"column":6},"end":{"line":624,"column":28}},"231":{"start":{"line":637,"column":0},"end":{"line":661,"column":1}},"232":{"start":{"line":638,"column":2},"end":{"line":638,"column":17}},"233":{"start":{"line":640,"column":2},"end":{"line":660,"column":16}},"234":{"start":{"line":641,"column":4},"end":{"line":641,"column":55}},"235":{"start":{"line":643,"column":4},"end":{"line":645,"column":5}},"236":{"start":{"line":644,"column":6},"end":{"line":644,"column":49}},"237":{"start":{"line":647,"column":4},"end":{"line":659,"column":6}},"238":{"start":{"line":652,"column":6},"end":{"line":655,"column":7}},"239":{"start":{"line":653,"column":8},"end":{"line":653,"column":48}},"240":{"start":{"line":654,"column":8},"end":{"line":654,"column":26}},"241":{"start":{"line":657,"column":6},"end":{"line":657,"column":50}},"242":{"start":{"line":658,"column":6},"end":{"line":658,"column":28}},"243":{"start":{"line":669,"column":0},"end":{"line":698,"column":1}},"244":{"start":{"line":670,"column":2},"end":{"line":670,"column":17}},"245":{"start":{"line":672,"column":2},"end":{"line":697,"column":16}},"246":{"start":{"line":673,"column":4},"end":{"line":673,"column":32}},"247":{"start":{"line":675,"column":4},"end":{"line":677,"column":5}},"248":{"start":{"line":676,"column":6},"end":{"line":676,"column":49}},"249":{"start":{"line":679,"column":4},"end":{"lin
[...]
:111,"column":81}},"51":{"start":{"line":122,"column":0},"end":{"line":142,"column":1}},"52":{"start":{"line":123,"column":2},"end":{"line":123,"column":17}},"53":{"start":{"line":125,"column":2},"end":{"line":141,"column":16}},"54":{"start":{"line":126,"column":4},"end":{"line":126,"column":66}},"55":{"start":{"line":128,"column":4},"end":{"line":140,"column":6}},"56":{"start":{"line":129,"column":6},"end":{"line":132,"column":7}},"57":{"start":{"line":130,"column":8},"end":{"line":130,"column":70}},"58":{"start":{"line":131,"column":8},"end":{"line":131,"column":26}},"59":{"start":{"line":134,"column":6},"end":{"line":139,"column":8}},"60":{"start":{"line":135,"column":8},"end":{"line":137,"column":9}},"61":{"start":{"line":136,"column":10},"end":{"line":136,"column":28}},"62":{"start":{"line":138,"column":8},"end":{"line":138,"column":28}},"63":{"start":{"line":150,"column":0},"end":{"line":178,"column":1}},"64":{"start":{"line":151,"column":2},"end":{"line":151,"column":51}},"65":{"start":{"line":153,"column":2},"end":{"line":177,"column":16}},"66":{"start":{"line":154,"column":4},"end":{"line":158,"column":5}},"67":{"start":{"line":160,"column":4},"end":{"line":176,"column":6}},"68":{"start":{"line":161,"column":6},"end":{"line":170,"column":8}},"69":{"start":{"line":162,"column":8},"end":{"line":167,"column":9}},"70":{"start":{"line":163,"column":10},"end":{"line":163,"column":36}},"71":{"start":{"line":164,"column":10},"end":{"line":164,"column":34}},"72":{"start":{"line":166,"column":10},"end":{"line":166,"column":36}},"73":{"start":{"line":169,"column":8},"end":{"line":169,"column":22}},"74":{"start":{"line":172,"column":6},"end":{"line":174,"column":7}},"75":{"start":{"line":173,"column":8},"end":{"line":173,"column":26}},"76":{"start":{"line":175,"column":6},"end":{"line":175,"column":29}},"77":{"start":{"line":186,"column":0},"end":{"line":206,"column":1}},"78":{"start":{"line":187,"column":2},"end":{"line":187,"column":17}},"79":{"start":{"line":189,"column":2},"end":{"line":205,"column":16}},"80":{"start":{"line":190,"column":4},"end":{"line":190,"column":55}},"81":{"start":{"line":192,"column":4},"end":{"line":204,"column":6}},"82":{"start":{"line":196,"column":6},"end":{"line":198,"column":7}},"83":{"start":{"line":197,"column":8},"end":{"line":197,"column":26}},"84":{"start":{"line":199,"column":6},"end":{"line":199,"column":64}},"85":{"start":{"line":200,"column":6},"end":{"line":202,"column":7}},"86":{"start":{"line":201,"column":8},"end":{"line":201,"column":56}},"87":{"start":{"line":203,"column":6},"end":{"line":203,"column":22}},"88":{"start":{"line":214,"column":0},"end":{"line":230,"column":1}},"89":{"start":{"line":215,"column":2},"end":{"line":215,"column":17}},"90":{"start":{"line":216,"column":2},"end":{"line":216,"column":57}},"91":{"start":{"line":218,"column":2},"end":{"line":224,"column":4}},"92":{"start":{"line":219,"column":4},"end":{"line":223,"column":5}},"93":{"start":{"line":226,"column":2},"end":{"line":229,"column":8}},"94":{"start":{"line":240,"column":0},"end":{"line":247,"column":1}},"95":{"start":{"line":241,"column":2},"end":{"line":241,"column":17}},"96":{"start":{"line":242,"column":2},"end":{"line":242,"column":57}},"97":{"start":{"line":244,"column":2},"end":{"line":246,"column":8}},"98":{"start":{"line":254,"column":0},"end":{"line":263,"column":1}},"99":{"start":{"line":255,"column":2},"end":{"line":255,"column":17}},"100":{"start":{"line":256,"column":2},"end":{"line":256,"column":57}},"101":{"start":{"line":258,"column":2},"end":{"line":262,"column":8}},"102":{"start":{"line":271,"column":0},"end":{"line":282,"column":1}},"103":{"start":{"line":272,"column":2},"end":{"line":272,"column":17}},"104":{"start":{"line":273,"column":2},"end":{"line":273,"column":72}},"105":{"start":{"line":274,"column":2},"end":{"line":276,"column":3}},"106":{"start":{"line":275,"column":4},"end":{"line":275,"column":99}},"107":{"start":{"line":278,"column":2},"end":{"line":281,"column":8}},"108":{"start":{"line":290,"column":0},"end":{"line":315,"column":1}},"109":{"start":{"line":291,"column":2},"end":{"line":291,"column":17}},"110":{"start":{"line":293,"column":2},"end":{"line":314,"column":16}},"111":{"start":{"line":294,"column":4},"end":{"line":294,"column":78}},"112":{"start":{"line":296,"column":4},"end":{"line":298,"column":5}},"113":{"start":{"line":297,"column":6},"end":{"line":297,"column":99}},"114":{"start":{"line":300,"column":4},"end":{"line":303,"column":6}},"115":{"start":{"line":305,"column":4},"end":{"line":313,"column":6}},"116":{"start":{"line":306,"column":6},"end":{"line":310,"column":7}},"117":{"start":{"line":307,"column":8},"end":{"line":307,"column":26}},"118":{"start":{"line":308,"column":13},"end":{"line":310,"column":7}},"119":{"start":{"line":309,"column":8},"end":{"line":309,"column":58}},"120":{"start":{"line":312,"column":6},"end":{"line":312,"column":91}},"121":{"start":{"line":324,"column":0},"end":{"line":343,"column":1}},"122":{"start":{"line":325,"column":2},"end":{"line":325,"column":17}},"123":{"start":{"line":326,"column":2},"end":{"line":326,"column":61}},"124":{"start":{"line":328,"column":2},"end":{"line":335,"column":3}},"125":{"start":{"line":337,"column":2},"end":{"line":337,"column":19}},"126":{"start":{"line":339,"column":2},"end":{"line":339,"column":86}},"127":{"start":{"line":340,"column":2},"end":{"line":340,"column":101}},"128":{"start":{"line":342,"column":2},"end":{"line":342,"column":107}}},"branchMap":{"1":{"line":25,"type":"if","locations":[{"start":{"line":25,"column":2},"end":{"line":25,"column":2}},{"start":{"line":25,"column":2},"end":{"line":25,"column":2}}]},"2":{"line":26,"type":"if","locations":[{"start":{"line":26,"column":2},"end":{"line":26,"column":2}},{"start":{"line":26,"column":2},"end":{"line":26,"column":2}}]},"3":{"line":45,"type":"if","locations":[{"start":{"line":45,"column":6},"end":{"line":45,"column":6}},{"start":{"line":45,"column":6},"end":{"line":45,"column":6}}]},"4":{"line":53,"type":"cond-expr","locations":[{"start":{"line":53,"column":31},"end":{"line":53,"column":56}},{"start":{"line":53,"column":59},"end":{"line":53,"column":84}}]},"5":{"line":63,"type":"if","locations":[{"start":{"line":63,"column":8},"end":{"line":63,"column":8}},{"start":{"line":63,"column":8},"end":{"line":63,"column":8}}]},"6":{"line":66,"type":"if","locations":[{"start":{"line":66,"column":15},"end":{"line":66,"column":15}},{"start":{"line":66,"column":15},"end":{"line":66,"column":15}}]},"7":{"line":89,"type":"if","locations":[{"start":{"line":89,"column":6},"end":{"line":89,"column":6}},{"start":{"line":89,"column":6},"end":{"line":89,"column":6}}]},"8":{"line":95,"type":"if","locations":[{"start":{"line":95,"column":8},"end":{"line":95,"column":8}},{"start":{"line":95,"column":8},"end":{"line":95,"column":8}}]},"9":{"line":102,"type":"if","locations":[{"start":{"line":102,"column":4},"end":{"line":102,"column":4}},{"start":{"line":102,"column":4},"end":{"line":102,"column":4}}]},"10":{"line":129,"type":"if","locations":[{"start":{"line":129,"column":6},"end":{"line":129,"column":6}},{"start":{"line":129,"column":6},"end":{"line":129,"column":6}}]},"11":{"line":135,"type":"if","locations":[{"start":{"line":135,"column":8},"end":{"line":135,"column":8}},{"start":{"line":135,"column":8},"end":{"line":135,"column":8}}]},"12":{"line":162,"type":"if","locations":[{"start":{"line":162,"column":8},"end":{"line":162,"column":8}},{"start":{"line":162,"column":8},"end":{"line":162,"column":8}}]},"13":{"line":172,"type":"if","locations":[{"start":{"line":172,"column":6},"end":{"line":172,"column":6}},{"start":{"line":172,"column":6},"end":{"line":172,"column":6}}]},"14":{"line":196,"type":"if","locations":[{"start":{"line":196,"column":6},"end":{"line":196,"column":6}},{"start":{"line":196,"column":6},"end":{"line":196,"column":6}}]},"15":{"line":200,"type":"if","locations":[{"start":{"line":200,"column":6},"end":{"line":200,"column":6}},{"start":{"line":200,"column":6},"end":{"line":200,"column":6}}]},"16":{"line":274,"type":"if","locations":[{"start":{"line":274,"column":2},"end":{"line":274,"column":2}},{"start":{"line":274,"column":2},"end":{"line":274,"column":2}}]},"17":{"line":296,"type":"if","locations":[{"start":{"line":296,"column":4},"end":{"line":296,"column":4}},{"start":{"line":296,"column":4},"end":{"line":296,"column":4}}]},"18":{"line":306,"type":"if","locations":[{"start":{"line":306,"column":6},"end":{"line":306,"column":6}},{"start":{"line":306,"column":6},"end":{"line":306,"column":6}}]},"19":{"line":308,"type":"if","locations":[{"start":{"line":308,"column":13},"end":{"line":308,"column":13}},{"start":{"line":308,"column":13},"end":{"line":308,"column":13}}]},"20":{"line":330,"type":"cond-expr","locations":[{"start":{"line":330,"column":27},"end":{"line":330,"column":52}},{"start":{"line":330,"column":55},"end":{"line":330,"column":80}}]}},"code":["module.exports = Stories","","var qs = require('querystring')","","var debug = require('debug')('snapchat:stories')","var async = require('async')","var Promise = require('bluebird')","","var constants = require('../lib/constants')","var Request = require('../lib/request')","var StringUtils = require('../lib/string-utils')","","var SKBlob = require('../models/blob')","var StoryUpdater = require('../models/story-updater')","var SharedStoryDescription = require('../models/shared-story-description')","","/**"," * Snapchat wrapper for story-related API calls."," *"," * @class"," * @param {Object} opts"," */","function Stories (client, opts) {","  var self = this","  if (!(self instanceof Stories)) return new Stories(client, opts)","  if (!opts) opts = {}","","  self.client = client","}","","/**"," * Posts a story with the given options."," *"," * @param {Blob} blob The Blob object containing the image or video data to send."," * @param {StoryOptions} opts The options for the story to post."," * @param {function} cb"," */","Stories.prototype.postStory = function (blob, opts, cb) {","  var self = this","","  return new Promise(function (resolve, reject) {","    debug('Stories.postStory')","","    self._uploadStory(blob, function (err, mediaID) {","      if (err) {","        debug('Snapchat.Stories.postStory error %s', err)","        return reject(err)","      }","","      self.client.post(constants.endpoints.stories.post, {","        'caption_text_display': opts.text,","        'story_timestamp': StringUtils.timestamp(),","        'type': blob.isImage ? constants.MediaKind.Image : constants.MediaKind.Video,","        'media_id': mediaID,","        'client_id': mediaID,","        'time': opts.timer | 0,","        'username': self.client.username,","        'camera_front_facing': opts.cameraFrontFacing,","        'my_story': 'true',","        'zipped': 0,","        'shared_ids': '{}'","      }, function (err, result) {","        if (err) {","          debug('Snapchat.Stories.postStory error %s', err)","          return reject(err)","        } else if (result) {","          return resolve(result)","        }","","        return reject(new Error('Snapchat.Stories.postStory parse error'))","      })","    })","  }).nodeify(cb)","}","","/**"," * Downloads media for a story."," *"," * @param {Story} story The story to download."," * @param {function} cb SKBlob"," */","Stories.prototype.loadStoryBlob = function (story, cb) {","  var self = this","","  return new Promise(function (resolve, reject) {","    debug('Stories.loadStoryBlob (%s)', story.identifier)","","    function blobHandler (err, body) {","      if (err) {","        debug('Snapchat.Stories.loadStoryBlob error %s', err)","        return reject(err)","      }","","      SKBlob.initWithStoryData(body, story, function (err, blob) {","        if (err) {","          return reject(err)","        }","        return resolve(blob)","      })","    }","","    if (story.needsAuth) {","      var url = constants.endpoints.stories.authBlob + story.mediaIdentifier","","      Request.post(url, {","        'story_id': story.mediaIdentifier,","        'username': self.client.username","      }, self.client.googleAuthToken, self.client.authToken, blobHandler)","    } else {","      var baseIgnorePattern = new RegExp(constants.core.baseList.join('|'))","      self.client.get(story.mediaURL.replace(baseIgnorePattern, ''), blobHandler)","    }","  }).nodeify(cb)","}","","/**"," * Downloads the thumbnail for a story."," *"," * @param story The story whose thumbnail you wish to download."," * @param {function} cb SKBlob"," */","Stories.prototype.loadStoryThumbnailBlob = function (story, cb) {","  var self = this","","  return new Promise(function (resolve, reject) {","    debug('Stories.loadStoryThumbnailBlob (%s)', story.identifier)","","    self.client.get(constants.endpoints.stories.thumb + story.mediaIdentifier, function (err, body) {","      if (err) {","        debug('Snapchat.Stories.loadStoryThumbnailBlob error %s', err)","        return reject(err)","      }","","      SKBlob.initWithStoryData(body, story, function (err, blob) {","        if (err) {","          return reject(err)","        }","        return resolve(blob)","      })","    })","  }).nodeify(cb)","}","","/**"," * Batch loads media for a set of stories."," *"," * @param {Array<Story>} stories An array of Story objects whose media you wish to download."," * @param {function} cb"," */","Stories.prototype.loadStories = function (stories, cb) {","  debug('Stories.loadStories (%d)', stories.length)","","  return new Promise(function (resolve, reject) {","    var results = {","      loaded: [ ],","      failed: [ ],","      errors: [ ]","    }","","    async.eachLimit(stories, 4, function (story, cb) {","      story.load(function (err) {","        if (err) {","          results.failed.push(story)","          results.errors.push(err)","        } else {","          results.loaded.push(story)","        }","","        return cb(err)","      })","    }, function (err) {","      if (err) {","        return reject(err)","      }","      return resolve(results)","    })","  }).nodeify(cb)","}","","/**"," * Deletes a story of yours."," *"," * @param {UserStory} story"," * @param {function} cb"," */","Stories.prototype.deleteStory = function (story, cb) {","  var self = this","","  return new Promise(function (resolve, reject) {","    debug('Stories.deleteStory (%s)', story.identifier)","","    self.client.post(constants.endpoints.stories.remove, {","      'story_id': story.identifier,","      'username': self.client.username","    }, function (err) {","      if (err) {","        return reject(err)","      }","      var index = self.client.session.userStories.indexOf(story)","      if (index >= 0) {","        self.client.session.userStories.splice(index, 1)","      }","      return resolve()","    })","  }).nodeify(cb)","}","","/**"," * Marks a set of stories as opened."," *"," * @param {Array<StoryUpdater>} stories An array of StoryUpdater objects."," * @param {function} cb"," */","Stories.prototype.markStoriesViewed = function (stories, cb) {","  var self = this","  debug('Stories.markStoriesViewed (%d)', stories.length)","","  var friendStories = stories.map(function (update) {","    return {","      'id': update.storyID,","      'screenshot_count': update.screenshotCount,","      'timestamp': update.timestamp","    }","  })","","  return self.client.post(constants.endpoints.update.stories, {","    'username': self.client.username,","    'friend_stories': JSON.stringify(friendStories)","  }, cb)","}","","/**"," * Marks a single story opened."," * To batch mark stories viewed, use markStoriesViewed"," *"," * @param {Story} story The story to mark as opened."," * @param {number} sscount The number of times the story was screenshotted."," * @param {function} cb"," */","Stories.prototype.markStoryViewed = function (story, sscount, cb) {","  var self = this","  debug('Stories.markStoryViewed (%s)', story.identifier)","","  return self.markStoriesViewed([","    new StoryUpdater(story.identifier, StringUtils.timestamp(), sscount)","  ], cb)","}","","/**"," * Hides a shared story from the story feed."," *"," * @param {function} cb"," */","Stories.prototype.hideSharedStory = function (story, cb) {","  var self = this","  debug('Stories.hideSharedStory (%s)', story.identifier)","","  return self.client.post(constants.endpoints.friends.hide, {","    'friend': story.username,","    'hide': 'true',","    'username': self.client.username","  }, cb)","}","","/**"," * Does nothing if the story is not a shared story."," *"," * @param {Story} sharedStory A shared story."," * @param {function} cb"," */","Stories.prototype.provideSharedDescription = function (sharedStory, cb) {","  var self = this","  debug('Stories.provideSharedDescription (%s)', sharedStory.identifier)","  if (!sharedStory.shared) {","    return Promise.reject(new Error('Snapchat.Stories.provideSharedDescription error')).nodeify(cb)","  }","","  return self.client.post(constants.endpoints.sharedDescription, {","    'shared_id': sharedStory.identifier,","    'username': self.client.username","  }, cb)","}","","/**"," * Retrieves the description for a shared story."," *"," * @param sharedStory A shared story."," * @param {function} cb"," */","Stories.prototype.getSharedDescriptionForStory = function (sharedStory, cb) {","  var self = this","","  return new Promise(function (resolve, reject) {","    debug('Stories.getSharedDescriptionForStory (%s)', sharedStory.identifier)","","    if (!sharedStory.sharedStoryIdentifier) {","      return reject(new Error('Snapchat.Stories.getSharedDescriptionForStory error invalid story'))","    }","","    var endpoint = constants.endpoints.sharedDescription + '?' + qs.stringify({","      'ln': 'en',","      'shared_id': sharedStory.sharedStoryIdentifier","    })","","    self.client.get(endpoint, function (err, result) {","      if (err) {","        return reject(err)","      } else if (result) {","        return resolve(new SharedStoryDescription(result))","      }","","      return reject(new Error('Snapchat.Stories.getSharedDescriptionForStory parse error'))","    })","  }).nodeify(cb)","}","","/**"," * Uploads a new story associated with the given blob."," *"," * @private"," * @param {SKBlob} blob"," * @param {function} cb"," */","Stories.prototype._uploadStory = function (blob, cb) {","  var self = this","  var uuid = StringUtils.mediaIdentifer(self.client.username)","","  var params = {","    'media_id': uuid,","    'type': blob.isImage ? constants.MediaKind.Image : constants.MediaKind.Video,","    'data': blob.data,","    'zipped': 0,","    'features_map': '{}',","    'username': self.client.username","  }","","  var headers = { }","","  headers[constants.headers.clientAuthToken] = 'Bearer ' + self.client.googleAuthToken","  headers[constants.headers.contentType] = 'multipart/form-data; boundary=' + constants.core.boundary","","  return Request.postCustom(constants.endpoints.stories.upload, params, headers, self.client.authToken, cb)","}",""],"l":{"1":2,"3":2,"5":2,"6":2,"7":2,"9":2,"10":2,"11":0,"13":0,"14":0,"15":0,"23":1,"24":0,"25":0,"26":0,"28":0,"38":0,"39":0,"41":0,"42":0,"44":0,"45":0,"46":0,"47":0,"50":0,"63":0,"64":0,"65":0,"66":0,"67":0,"70":0,"82":0,"83":0,"85":0,"86":0,"88":1,"89":0,"90":0,"91":0,"94":0,"95":0,"96":0,"98":0,"102":0,"103":0,"105":0,"110":0,"111":0,"122":0,"123":0,"125":0,"126":0,"128":0,"129":0,"130":0,"131":0,"134":0,"135":0,"136":0,"138":0,"150":0,"151":0,"153":0,"154":0,"160":0,"161":0,"162":0,"163":0,"164":0,"166":0,"169":0,"172":0,"173":0,"175":0,"186":0,"187":0,"189":0,"190":0,"192":0,"196":0,"197":0,"199":0,"200":0,"201":0,"203":0,"214":0,"215":0,"216":0,"218":0,"219":0,"226":0,"240":0,"241":0,"242":0,"244":0,"254":0,"255":0,"256":0,"258":0,"271":0,"272":0,"273":0,"274":0,"275":0,"278":0,"290":0,"291":0,"293":0,"294":0,"296":0,"297":0,"300":0,"305":0,"306":0,"307":0,"308":0,"309":0,"312":0,"324":0,"325":0,"326":0,"328":0,"337":0,"339":0,"340":0,"342":0}}}